ERROR - 2023-07-12 01:05:08 --> Error connecting to the database: mysqli_sql_exception: No connection could be made because the target machine actively refused it in D:\xampp\htdocs\Webinar\system\Database\MySQLi\Connection.php:174
Stack trace:
#0 D:\xampp\htdocs\Webinar\system\Database\MySQLi\Connection.php(174): mysqli->real_connect('localhost', 'root', '', 'sertifikat', 3306, '', 0)
#1 D:\xampp\htdocs\Webinar\system\Database\BaseConnection.php(391): CodeIgniter\Database\MySQLi\Connection->connect(false)
#2 D:\xampp\htdocs\Webinar\system\Database\BaseConnection.php(574): CodeIgniter\Database\BaseConnection->initialize()
#3 D:\xampp\htdocs\Webinar\app\Controllers\Sertifikat.php(13): CodeIgniter\Database\BaseConnection->query('SELECT * FROM w...')
#4 D:\xampp\htdocs\Webinar\system\CodeIgniter.php(932): App\Controllers\Sertifikat->home('$1')
#5 D:\xampp\htdocs\Webinar\system\CodeIgniter.php(497): CodeIgniter\CodeIgniter->runController(Object(App\Controllers\Sertifikat))
#6 D:\xampp\htdocs\Webinar\system\CodeIgniter.php(366): CodeIgniter\CodeIgniter->handleRequest(NULL, Object(Config\Cache), false)
#7 D:\xampp\htdocs\Webinar\public\index.php(67): CodeIgniter\CodeIgniter->run()
#8 D:\xampp\htdocs\Webinar\system\Commands\Server\rewrite.php(47): require_once('D:\\xampp\\htdocs...')
#9 {main}

Next CodeIgniter\Database\Exceptions\DatabaseException: No connection could be made because the target machine actively refused it in D:\xampp\htdocs\Webinar\system\Database\MySQLi\Connection.php:218
Stack trace:
#0 D:\xampp\htdocs\Webinar\system\Database\BaseConnection.php(391): CodeIgniter\Database\MySQLi\Connection->connect(false)
#1 D:\xampp\htdocs\Webinar\system\Database\BaseConnection.php(574): CodeIgniter\Database\BaseConnection->initialize()
#2 D:\xampp\htdocs\Webinar\app\Controllers\Sertifikat.php(13): CodeIgniter\Database\BaseConnection->query('SELECT * FROM w...')
#3 D:\xampp\htdocs\Webinar\system\CodeIgniter.php(932): App\Controllers\Sertifikat->home('$1')
#4 D:\xampp\htdocs\Webinar\system\CodeIgniter.php(497): CodeIgniter\CodeIgniter->runController(Object(App\Controllers\Sertifikat))
#5 D:\xampp\htdocs\Webinar\system\CodeIgniter.php(366): CodeIgniter\CodeIgniter->handleRequest(NULL, Object(Config\Cache), false)
#6 D:\xampp\htdocs\Webinar\public\index.php(67): CodeIgniter\CodeIgniter->run()
#7 D:\xampp\htdocs\Webinar\system\Commands\Server\rewrite.php(47): require_once('D:\\xampp\\htdocs...')
#8 {main}
CRITICAL - 2023-07-12 01:05:08 --> Unable to connect to the database.
Main connection [MySQLi]: No connection could be made because the target machine actively refused it
in SYSTEMPATH\Database\BaseConnection.php on line 427.
 1 SYSTEMPATH\Database\BaseConnection.php(574): CodeIgniter\Database\BaseConnection->initialize()
 2 APPPATH\Controllers\Sertifikat.php(13): CodeIgniter\Database\BaseConnection->query('SELECT * FROM webinar')
 3 SYSTEMPATH\CodeIgniter.php(932): App\Controllers\Sertifikat->home('$1')
 4 SYSTEMPATH\CodeIgniter.php(497): CodeIgniter\CodeIgniter->runController(Object(App\Controllers\Sertifikat))
 5 SYSTEMPATH\CodeIgniter.php(366): CodeIgniter\CodeIgniter->handleRequest(null, Object(Config\Cache), false)
 6 FCPATH\index.php(67): CodeIgniter\CodeIgniter->run()
 7 SYSTEMPATH\Commands\Server\rewrite.php(47): require_once('D:\\xampp\\htdocs\\Webinar\\public\\index.php')
ERROR - 2023-07-12 01:05:13 --> Error connecting to the database: mysqli_sql_exception: No connection could be made because the target machine actively refused it in D:\xampp\htdocs\Webinar\system\Database\MySQLi\Connection.php:174
Stack trace:
#0 D:\xampp\htdocs\Webinar\system\Database\MySQLi\Connection.php(174): mysqli->real_connect('localhost', 'root', '', 'sertifikat', 3306, '', 0)
#1 D:\xampp\htdocs\Webinar\system\Database\BaseConnection.php(391): CodeIgniter\Database\MySQLi\Connection->connect(false)
#2 D:\xampp\htdocs\Webinar\system\Database\BaseConnection.php(574): CodeIgniter\Database\BaseConnection->initialize()
#3 D:\xampp\htdocs\Webinar\app\Controllers\Sertifikat.php(13): CodeIgniter\Database\BaseConnection->query('SELECT * FROM w...')
#4 D:\xampp\htdocs\Webinar\system\CodeIgniter.php(932): App\Controllers\Sertifikat->home('$1')
#5 D:\xampp\htdocs\Webinar\system\CodeIgniter.php(497): CodeIgniter\CodeIgniter->runController(Object(App\Controllers\Sertifikat))
#6 D:\xampp\htdocs\Webinar\system\CodeIgniter.php(366): CodeIgniter\CodeIgniter->handleRequest(NULL, Object(Config\Cache), false)
#7 D:\xampp\htdocs\Webinar\public\index.php(67): CodeIgniter\CodeIgniter->run()
#8 D:\xampp\htdocs\Webinar\system\Commands\Server\rewrite.php(47): require_once('D:\\xampp\\htdocs...')
#9 {main}

Next CodeIgniter\Database\Exceptions\DatabaseException: No connection could be made because the target machine actively refused it in D:\xampp\htdocs\Webinar\system\Database\MySQLi\Connection.php:218
Stack trace:
#0 D:\xampp\htdocs\Webinar\system\Database\BaseConnection.php(391): CodeIgniter\Database\MySQLi\Connection->connect(false)
#1 D:\xampp\htdocs\Webinar\system\Database\BaseConnection.php(574): CodeIgniter\Database\BaseConnection->initialize()
#2 D:\xampp\htdocs\Webinar\app\Controllers\Sertifikat.php(13): CodeIgniter\Database\BaseConnection->query('SELECT * FROM w...')
#3 D:\xampp\htdocs\Webinar\system\CodeIgniter.php(932): App\Controllers\Sertifikat->home('$1')
#4 D:\xampp\htdocs\Webinar\system\CodeIgniter.php(497): CodeIgniter\CodeIgniter->runController(Object(App\Controllers\Sertifikat))
#5 D:\xampp\htdocs\Webinar\system\CodeIgniter.php(366): CodeIgniter\CodeIgniter->handleRequest(NULL, Object(Config\Cache), false)
#6 D:\xampp\htdocs\Webinar\public\index.php(67): CodeIgniter\CodeIgniter->run()
#7 D:\xampp\htdocs\Webinar\system\Commands\Server\rewrite.php(47): require_once('D:\\xampp\\htdocs...')
#8 {main}
CRITICAL - 2023-07-12 01:05:13 --> Unable to connect to the database.
Main connection [MySQLi]: No connection could be made because the target machine actively refused it
in SYSTEMPATH\Database\BaseConnection.php on line 427.
 1 SYSTEMPATH\Database\BaseConnection.php(574): CodeIgniter\Database\BaseConnection->initialize()
 2 APPPATH\Controllers\Sertifikat.php(13): CodeIgniter\Database\BaseConnection->query('SELECT * FROM webinar')
 3 SYSTEMPATH\CodeIgniter.php(932): App\Controllers\Sertifikat->home('$1')
 4 SYSTEMPATH\CodeIgniter.php(497): CodeIgniter\CodeIgniter->runController(Object(App\Controllers\Sertifikat))
 5 SYSTEMPATH\CodeIgniter.php(366): CodeIgniter\CodeIgniter->handleRequest(null, Object(Config\Cache), false)
 6 FCPATH\index.php(67): CodeIgniter\CodeIgniter->run()
 7 SYSTEMPATH\Commands\Server\rewrite.php(47): require_once('D:\\xampp\\htdocs\\Webinar\\public\\index.php')
INFO - 2023-07-12 02:02:13 --> Session: Class initialized using 'CodeIgniter\Session\Handlers\FileHandler' driver.
CRITICAL - 2023-07-12 05:03:52 --> The framework needs the following extension(s) installed and loaded: intl.
in SYSTEMPATH\CodeIgniter.php on line 226.
 1 SYSTEMPATH\CodeIgniter.php(226): CodeIgniter\Exceptions\FrameworkException::forMissingExtension('intl')
 2 SYSTEMPATH\CodeIgniter.php(190): CodeIgniter\CodeIgniter->resolvePlatformExtensions()
 3 ROOTPATH\spark(83): CodeIgniter\CodeIgniter->initialize()
ERROR - 2023-07-12 03:07:32 --> Error connecting to the database: mysqli_sql_exception: Unknown database 'sertifikat' in D:\xampp\htdocs\Webinar\system\Database\MySQLi\Connection.php:174
Stack trace:
#0 D:\xampp\htdocs\Webinar\system\Database\MySQLi\Connection.php(174): mysqli->real_connect('localhost', 'root', '', 'sertifikat', 3306, '', 0)
#1 D:\xampp\htdocs\Webinar\system\Database\BaseConnection.php(391): CodeIgniter\Database\MySQLi\Connection->connect(false)
#2 D:\xampp\htdocs\Webinar\system\Database\BaseConnection.php(574): CodeIgniter\Database\BaseConnection->initialize()
#3 D:\xampp\htdocs\Webinar\app\Controllers\Customer.php(13): CodeIgniter\Database\BaseConnection->query('SELECT * FROM w...')
#4 D:\xampp\htdocs\Webinar\system\CodeIgniter.php(932): App\Controllers\Customer->home('$1')
#5 D:\xampp\htdocs\Webinar\system\CodeIgniter.php(497): CodeIgniter\CodeIgniter->runController(Object(App\Controllers\Customer))
#6 D:\xampp\htdocs\Webinar\system\CodeIgniter.php(366): CodeIgniter\CodeIgniter->handleRequest(NULL, Object(Config\Cache), false)
#7 D:\xampp\htdocs\Webinar\public\index.php(67): CodeIgniter\CodeIgniter->run()
#8 D:\xampp\htdocs\Webinar\system\Commands\Server\rewrite.php(47): require_once('D:\\xampp\\htdocs...')
#9 {main}

Next CodeIgniter\Database\Exceptions\DatabaseException: Unknown database 'sertifikat' in D:\xampp\htdocs\Webinar\system\Database\MySQLi\Connection.php:218
Stack trace:
#0 D:\xampp\htdocs\Webinar\system\Database\BaseConnection.php(391): CodeIgniter\Database\MySQLi\Connection->connect(false)
#1 D:\xampp\htdocs\Webinar\system\Database\BaseConnection.php(574): CodeIgniter\Database\BaseConnection->initialize()
#2 D:\xampp\htdocs\Webinar\app\Controllers\Customer.php(13): CodeIgniter\Database\BaseConnection->query('SELECT * FROM w...')
#3 D:\xampp\htdocs\Webinar\system\CodeIgniter.php(932): App\Controllers\Customer->home('$1')
#4 D:\xampp\htdocs\Webinar\system\CodeIgniter.php(497): CodeIgniter\CodeIgniter->runController(Object(App\Controllers\Customer))
#5 D:\xampp\htdocs\Webinar\system\CodeIgniter.php(366): CodeIgniter\CodeIgniter->handleRequest(NULL, Object(Config\Cache), false)
#6 D:\xampp\htdocs\Webinar\public\index.php(67): CodeIgniter\CodeIgniter->run()
#7 D:\xampp\htdocs\Webinar\system\Commands\Server\rewrite.php(47): require_once('D:\\xampp\\htdocs...')
#8 {main}
CRITICAL - 2023-07-12 03:07:32 --> Unable to connect to the database.
Main connection [MySQLi]: Unknown database 'sertifikat'
in SYSTEMPATH\Database\BaseConnection.php on line 427.
 1 SYSTEMPATH\Database\BaseConnection.php(574): CodeIgniter\Database\BaseConnection->initialize()
 2 APPPATH\Controllers\Customer.php(13): CodeIgniter\Database\BaseConnection->query('SELECT * FROM webinar')
 3 SYSTEMPATH\CodeIgniter.php(932): App\Controllers\Customer->home('$1')
 4 SYSTEMPATH\CodeIgniter.php(497): CodeIgniter\CodeIgniter->runController(Object(App\Controllers\Customer))
 5 SYSTEMPATH\CodeIgniter.php(366): CodeIgniter\CodeIgniter->handleRequest(null, Object(Config\Cache), false)
 6 FCPATH\index.php(67): CodeIgniter\CodeIgniter->run()
 7 SYSTEMPATH\Commands\Server\rewrite.php(47): require_once('D:\\xampp\\htdocs\\Webinar\\public\\index.php')
ERROR - 2023-07-12 03:09:24 --> mysqli_sql_exception: Table 'sertifikat.webinar' doesn't exist in D:\xampp\htdocs\Webinar\system\Database\MySQLi\Connection.php:295
Stack trace:
#0 D:\xampp\htdocs\Webinar\system\Database\MySQLi\Connection.php(295): mysqli->query('SELECT * FROM w...', 0)
#1 D:\xampp\htdocs\Webinar\system\Database\BaseConnection.php(692): CodeIgniter\Database\MySQLi\Connection->execute('SELECT * FROM w...')
#2 D:\xampp\htdocs\Webinar\system\Database\BaseConnection.php(606): CodeIgniter\Database\BaseConnection->simpleQuery('SELECT * FROM w...')
#3 D:\xampp\htdocs\Webinar\app\Controllers\Customer.php(13): CodeIgniter\Database\BaseConnection->query('SELECT * FROM w...')
#4 D:\xampp\htdocs\Webinar\system\CodeIgniter.php(932): App\Controllers\Customer->home('$1')
#5 D:\xampp\htdocs\Webinar\system\CodeIgniter.php(497): CodeIgniter\CodeIgniter->runController(Object(App\Controllers\Customer))
#6 D:\xampp\htdocs\Webinar\system\CodeIgniter.php(366): CodeIgniter\CodeIgniter->handleRequest(NULL, Object(Config\Cache), false)
#7 D:\xampp\htdocs\Webinar\public\index.php(67): CodeIgniter\CodeIgniter->run()
#8 D:\xampp\htdocs\Webinar\system\Commands\Server\rewrite.php(47): require_once('D:\\xampp\\htdocs...')
#9 {main}
CRITICAL - 2023-07-12 03:09:24 --> Table 'sertifikat.webinar' doesn't exist
in SYSTEMPATH\Database\MySQLi\Connection.php on line 295.
 1 SYSTEMPATH\Database\MySQLi\Connection.php(295): mysqli->query('SELECT * FROM webinar', 0)
 2 SYSTEMPATH\Database\BaseConnection.php(692): CodeIgniter\Database\MySQLi\Connection->execute('SELECT * FROM webinar')
 3 SYSTEMPATH\Database\BaseConnection.php(606): CodeIgniter\Database\BaseConnection->simpleQuery('SELECT * FROM webinar')
 4 APPPATH\Controllers\Customer.php(13): CodeIgniter\Database\BaseConnection->query('SELECT * FROM webinar')
 5 SYSTEMPATH\CodeIgniter.php(932): App\Controllers\Customer->home('$1')
 6 SYSTEMPATH\CodeIgniter.php(497): CodeIgniter\CodeIgniter->runController(Object(App\Controllers\Customer))
 7 SYSTEMPATH\CodeIgniter.php(366): CodeIgniter\CodeIgniter->handleRequest(null, Object(Config\Cache), false)
 8 FCPATH\index.php(67): CodeIgniter\CodeIgniter->run()
 9 SYSTEMPATH\Commands\Server\rewrite.php(47): require_once('D:\\xampp\\htdocs\\Webinar\\public\\index.php')
ERROR - 2023-07-12 03:09:26 --> mysqli_sql_exception: Table 'sertifikat.webinar' doesn't exist in D:\xampp\htdocs\Webinar\system\Database\MySQLi\Connection.php:295
Stack trace:
#0 D:\xampp\htdocs\Webinar\system\Database\MySQLi\Connection.php(295): mysqli->query('SELECT * FROM w...', 0)
#1 D:\xampp\htdocs\Webinar\system\Database\BaseConnection.php(692): CodeIgniter\Database\MySQLi\Connection->execute('SELECT * FROM w...')
#2 D:\xampp\htdocs\Webinar\system\Database\BaseConnection.php(606): CodeIgniter\Database\BaseConnection->simpleQuery('SELECT * FROM w...')
#3 D:\xampp\htdocs\Webinar\app\Controllers\Customer.php(13): CodeIgniter\Database\BaseConnection->query('SELECT * FROM w...')
#4 D:\xampp\htdocs\Webinar\system\CodeIgniter.php(932): App\Controllers\Customer->home('$1')
#5 D:\xampp\htdocs\Webinar\system\CodeIgniter.php(497): CodeIgniter\CodeIgniter->runController(Object(App\Controllers\Customer))
#6 D:\xampp\htdocs\Webinar\system\CodeIgniter.php(366): CodeIgniter\CodeIgniter->handleRequest(NULL, Object(Config\Cache), false)
#7 D:\xampp\htdocs\Webinar\public\index.php(67): CodeIgniter\CodeIgniter->run()
#8 D:\xampp\htdocs\Webinar\system\Commands\Server\rewrite.php(47): require_once('D:\\xampp\\htdocs...')
#9 {main}
CRITICAL - 2023-07-12 03:09:26 --> Table 'sertifikat.webinar' doesn't exist
in SYSTEMPATH\Database\MySQLi\Connection.php on line 295.
 1 SYSTEMPATH\Database\MySQLi\Connection.php(295): mysqli->query('SELECT * FROM webinar', 0)
 2 SYSTEMPATH\Database\BaseConnection.php(692): CodeIgniter\Database\MySQLi\Connection->execute('SELECT * FROM webinar')
 3 SYSTEMPATH\Database\BaseConnection.php(606): CodeIgniter\Database\BaseConnection->simpleQuery('SELECT * FROM webinar')
 4 APPPATH\Controllers\Customer.php(13): CodeIgniter\Database\BaseConnection->query('SELECT * FROM webinar')
 5 SYSTEMPATH\CodeIgniter.php(932): App\Controllers\Customer->home('$1')
 6 SYSTEMPATH\CodeIgniter.php(497): CodeIgniter\CodeIgniter->runController(Object(App\Controllers\Customer))
 7 SYSTEMPATH\CodeIgniter.php(366): CodeIgniter\CodeIgniter->handleRequest(null, Object(Config\Cache), false)
 8 FCPATH\index.php(67): CodeIgniter\CodeIgniter->run()
 9 SYSTEMPATH\Commands\Server\rewrite.php(47): require_once('D:\\xampp\\htdocs\\Webinar\\public\\index.php')
