<<<<<<< HEAD
CRITICAL - 2023-07-13 02:15:28 --> Invalid file: "table.php"
in SYSTEMPATH\Exceptions\FrameworkException.php on line 33.
 1 SYSTEMPATH\View\View.php(212): CodeIgniter\Exceptions\FrameworkException::forInvalidFile('table.php')
 2 SYSTEMPATH\Common.php(1180): CodeIgniter\View\View->render('table', [], true)
 3 APPPATH\Controllers\Admin.php(30): view('table')
 4 SYSTEMPATH\CodeIgniter.php(932): App\Controllers\Admin->table()
 5 SYSTEMPATH\CodeIgniter.php(497): CodeIgniter\CodeIgniter->runController(Object(App\Controllers\Admin))
 6 SYSTEMPATH\CodeIgniter.php(366): CodeIgniter\CodeIgniter->handleRequest(null, Object(Config\Cache), false)
 7 FCPATH\index.php(67): CodeIgniter\CodeIgniter->run()
 8 SYSTEMPATH\Commands\Server\rewrite.php(47): require_once('D:\\xampp\\htdocs\\Webinar\\public\\index.php')
=======
CRITICAL - 2023-07-13 01:53:56 --> Undefined array key 0
in APPPATH\Views\deskripsi.php on line 3.
 1 APPPATH\Views\deskripsi.php(3): CodeIgniter\Debug\Exceptions->errorHandler(2, 'Undefined array key 0', 'D:\\xampp\\htdocs\\Webinar\\app\\Views\\deskripsi.php', 3)
 2 SYSTEMPATH\View\View.php(224): include('D:\\xampp\\htdocs\\Webinar\\app\\Views\\deskripsi.php')
 3 SYSTEMPATH\View\View.php(227): CodeIgniter\View\View->CodeIgniter\View\{closure}()
 4 SYSTEMPATH\Common.php(1180): CodeIgniter\View\View->render('deskripsi', [], true)
 5 APPPATH\Controllers\Customer.php(30): view('deskripsi')
 6 SYSTEMPATH\CodeIgniter.php(932): App\Controllers\Customer->detailwebinar('owl.carousel.min.css')
 7 SYSTEMPATH\CodeIgniter.php(497): CodeIgniter\CodeIgniter->runController(Object(App\Controllers\Customer))
 8 SYSTEMPATH\CodeIgniter.php(366): CodeIgniter\CodeIgniter->handleRequest(null, Object(Config\Cache), false)
 9 FCPATH\index.php(67): CodeIgniter\CodeIgniter->run()
10 SYSTEMPATH\Commands\Server\rewrite.php(47): require_once('D:\\xampp\\htdocs\\Webinar\\public\\index.php')
CRITICAL - 2023-07-13 01:53:57 --> Undefined array key 0
in APPPATH\Views\deskripsi.php on line 3.
 1 APPPATH\Views\deskripsi.php(3): CodeIgniter\Debug\Exceptions->errorHandler(2, 'Undefined array key 0', 'D:\\xampp\\htdocs\\Webinar\\app\\Views\\deskripsi.php', 3)
 2 SYSTEMPATH\View\View.php(224): include('D:\\xampp\\htdocs\\Webinar\\app\\Views\\deskripsi.php')
 3 SYSTEMPATH\View\View.php(227): CodeIgniter\View\View->CodeIgniter\View\{closure}()
 4 SYSTEMPATH\Common.php(1180): CodeIgniter\View\View->render('deskripsi', [], true)
 5 APPPATH\Controllers\Customer.php(30): view('deskripsi')
 6 SYSTEMPATH\CodeIgniter.php(932): App\Controllers\Customer->detailwebinar('css', 'bootstrap.min.css')
 7 SYSTEMPATH\CodeIgniter.php(497): CodeIgniter\CodeIgniter->runController(Object(App\Controllers\Customer))
 8 SYSTEMPATH\CodeIgniter.php(366): CodeIgniter\CodeIgniter->handleRequest(null, Object(Config\Cache), false)
 9 FCPATH\index.php(67): CodeIgniter\CodeIgniter->run()
10 SYSTEMPATH\Commands\Server\rewrite.php(47): require_once('D:\\xampp\\htdocs\\Webinar\\public\\index.php')
CRITICAL - 2023-07-13 01:53:57 --> Undefined array key 0
in APPPATH\Views\deskripsi.php on line 3.
 1 APPPATH\Views\deskripsi.php(3): CodeIgniter\Debug\Exceptions->errorHandler(2, 'Undefined array key 0', 'D:\\xampp\\htdocs\\Webinar\\app\\Views\\deskripsi.php', 3)
 2 SYSTEMPATH\View\View.php(224): include('D:\\xampp\\htdocs\\Webinar\\app\\Views\\deskripsi.php')
 3 SYSTEMPATH\View\View.php(227): CodeIgniter\View\View->CodeIgniter\View\{closure}()
 4 SYSTEMPATH\Common.php(1180): CodeIgniter\View\View->render('deskripsi', [], true)
 5 APPPATH\Controllers\Customer.php(30): view('deskripsi')
 6 SYSTEMPATH\CodeIgniter.php(932): App\Controllers\Customer->detailwebinar('css', 'style.css')
 7 SYSTEMPATH\CodeIgniter.php(497): CodeIgniter\CodeIgniter->runController(Object(App\Controllers\Customer))
 8 SYSTEMPATH\CodeIgniter.php(366): CodeIgniter\CodeIgniter->handleRequest(null, Object(Config\Cache), false)
 9 FCPATH\index.php(67): CodeIgniter\CodeIgniter->run()
10 SYSTEMPATH\Commands\Server\rewrite.php(47): require_once('D:\\xampp\\htdocs\\Webinar\\public\\index.php')
CRITICAL - 2023-07-13 01:53:58 --> Undefined array key 0
in APPPATH\Views\deskripsi.php on line 3.
 1 APPPATH\Views\deskripsi.php(3): CodeIgniter\Debug\Exceptions->errorHandler(2, 'Undefined array key 0', 'D:\\xampp\\htdocs\\Webinar\\app\\Views\\deskripsi.php', 3)
 2 SYSTEMPATH\View\View.php(224): include('D:\\xampp\\htdocs\\Webinar\\app\\Views\\deskripsi.php')
 3 SYSTEMPATH\View\View.php(227): CodeIgniter\View\View->CodeIgniter\View\{closure}()
 4 SYSTEMPATH\Common.php(1180): CodeIgniter\View\View->render('deskripsi', [], true)
 5 APPPATH\Controllers\Customer.php(30): view('deskripsi')
 6 SYSTEMPATH\CodeIgniter.php(932): App\Controllers\Customer->detailwebinar('<')
 7 SYSTEMPATH\CodeIgniter.php(497): CodeIgniter\CodeIgniter->runController(Object(App\Controllers\Customer))
 8 SYSTEMPATH\CodeIgniter.php(366): CodeIgniter\CodeIgniter->handleRequest(null, Object(Config\Cache), false)
 9 FCPATH\index.php(67): CodeIgniter\CodeIgniter->run()
10 SYSTEMPATH\Commands\Server\rewrite.php(47): require_once('D:\\xampp\\htdocs\\Webinar\\public\\index.php')
CRITICAL - 2023-07-13 01:53:58 --> Undefined array key 0
in APPPATH\Views\deskripsi.php on line 3.
 1 APPPATH\Views\deskripsi.php(3): CodeIgniter\Debug\Exceptions->errorHandler(2, 'Undefined array key 0', 'D:\\xampp\\htdocs\\Webinar\\app\\Views\\deskripsi.php', 3)
 2 SYSTEMPATH\View\View.php(224): include('D:\\xampp\\htdocs\\Webinar\\app\\Views\\deskripsi.php')
 3 SYSTEMPATH\View\View.php(227): CodeIgniter\View\View->CodeIgniter\View\{closure}()
 4 SYSTEMPATH\Common.php(1180): CodeIgniter\View\View->render('deskripsi', [], true)
 5 APPPATH\Controllers\Customer.php(30): view('deskripsi')
 6 SYSTEMPATH\CodeIgniter.php(932): App\Controllers\Customer->detailwebinar('<')
 7 SYSTEMPATH\CodeIgniter.php(497): CodeIgniter\CodeIgniter->runController(Object(App\Controllers\Customer))
 8 SYSTEMPATH\CodeIgniter.php(366): CodeIgniter\CodeIgniter->handleRequest(null, Object(Config\Cache), false)
 9 FCPATH\index.php(67): CodeIgniter\CodeIgniter->run()
10 SYSTEMPATH\Commands\Server\rewrite.php(47): require_once('D:\\xampp\\htdocs\\Webinar\\public\\index.php')
CRITICAL - 2023-07-13 01:53:59 --> Undefined array key 0
in APPPATH\Views\deskripsi.php on line 3.
 1 APPPATH\Views\deskripsi.php(3): CodeIgniter\Debug\Exceptions->errorHandler(2, 'Undefined array key 0', 'D:\\xampp\\htdocs\\Webinar\\app\\Views\\deskripsi.php', 3)
 2 SYSTEMPATH\View\View.php(224): include('D:\\xampp\\htdocs\\Webinar\\app\\Views\\deskripsi.php')
 3 SYSTEMPATH\View\View.php(227): CodeIgniter\View\View->CodeIgniter\View\{closure}()
 4 SYSTEMPATH\Common.php(1180): CodeIgniter\View\View->render('deskripsi', [], true)
 5 APPPATH\Controllers\Customer.php(30): view('deskripsi')
 6 SYSTEMPATH\CodeIgniter.php(932): App\Controllers\Customer->detailwebinar('<')
 7 SYSTEMPATH\CodeIgniter.php(497): CodeIgniter\CodeIgniter->runController(Object(App\Controllers\Customer))
 8 SYSTEMPATH\CodeIgniter.php(366): CodeIgniter\CodeIgniter->handleRequest(null, Object(Config\Cache), false)
 9 FCPATH\index.php(67): CodeIgniter\CodeIgniter->run()
10 SYSTEMPATH\Commands\Server\rewrite.php(47): require_once('D:\\xampp\\htdocs\\Webinar\\public\\index.php')
CRITICAL - 2023-07-13 01:53:59 --> Undefined array key 0
in APPPATH\Views\deskripsi.php on line 3.
 1 APPPATH\Views\deskripsi.php(3): CodeIgniter\Debug\Exceptions->errorHandler(2, 'Undefined array key 0', 'D:\\xampp\\htdocs\\Webinar\\app\\Views\\deskripsi.php', 3)
 2 SYSTEMPATH\View\View.php(224): include('D:\\xampp\\htdocs\\Webinar\\app\\Views\\deskripsi.php')
 3 SYSTEMPATH\View\View.php(227): CodeIgniter\View\View->CodeIgniter\View\{closure}()
 4 SYSTEMPATH\Common.php(1180): CodeIgniter\View\View->render('deskripsi', [], true)
 5 APPPATH\Controllers\Customer.php(30): view('deskripsi')
 6 SYSTEMPATH\CodeIgniter.php(932): App\Controllers\Customer->detailwebinar('<')
 7 SYSTEMPATH\CodeIgniter.php(497): CodeIgniter\CodeIgniter->runController(Object(App\Controllers\Customer))
 8 SYSTEMPATH\CodeIgniter.php(366): CodeIgniter\CodeIgniter->handleRequest(null, Object(Config\Cache), false)
 9 FCPATH\index.php(67): CodeIgniter\CodeIgniter->run()
10 SYSTEMPATH\Commands\Server\rewrite.php(47): require_once('D:\\xampp\\htdocs\\Webinar\\public\\index.php')
CRITICAL - 2023-07-13 01:53:59 --> Undefined array key 0
in APPPATH\Views\deskripsi.php on line 3.
 1 APPPATH\Views\deskripsi.php(3): CodeIgniter\Debug\Exceptions->errorHandler(2, 'Undefined array key 0', 'D:\\xampp\\htdocs\\Webinar\\app\\Views\\deskripsi.php', 3)
 2 SYSTEMPATH\View\View.php(224): include('D:\\xampp\\htdocs\\Webinar\\app\\Views\\deskripsi.php')
 3 SYSTEMPATH\View\View.php(227): CodeIgniter\View\View->CodeIgniter\View\{closure}()
 4 SYSTEMPATH\Common.php(1180): CodeIgniter\View\View->render('deskripsi', [], true)
 5 APPPATH\Controllers\Customer.php(30): view('deskripsi')
 6 SYSTEMPATH\CodeIgniter.php(932): App\Controllers\Customer->detailwebinar('<')
 7 SYSTEMPATH\CodeIgniter.php(497): CodeIgniter\CodeIgniter->runController(Object(App\Controllers\Customer))
 8 SYSTEMPATH\CodeIgniter.php(366): CodeIgniter\CodeIgniter->handleRequest(null, Object(Config\Cache), false)
 9 FCPATH\index.php(67): CodeIgniter\CodeIgniter->run()
10 SYSTEMPATH\Commands\Server\rewrite.php(47): require_once('D:\\xampp\\htdocs\\Webinar\\public\\index.php')
CRITICAL - 2023-07-13 01:53:59 --> Undefined array key 0
in APPPATH\Views\deskripsi.php on line 3.
 1 APPPATH\Views\deskripsi.php(3): CodeIgniter\Debug\Exceptions->errorHandler(2, 'Undefined array key 0', 'D:\\xampp\\htdocs\\Webinar\\app\\Views\\deskripsi.php', 3)
 2 SYSTEMPATH\View\View.php(224): include('D:\\xampp\\htdocs\\Webinar\\app\\Views\\deskripsi.php')
 3 SYSTEMPATH\View\View.php(227): CodeIgniter\View\View->CodeIgniter\View\{closure}()
 4 SYSTEMPATH\Common.php(1180): CodeIgniter\View\View->render('deskripsi', [], true)
 5 APPPATH\Controllers\Customer.php(30): view('deskripsi')
 6 SYSTEMPATH\CodeIgniter.php(932): App\Controllers\Customer->detailwebinar('<')
 7 SYSTEMPATH\CodeIgniter.php(497): CodeIgniter\CodeIgniter->runController(Object(App\Controllers\Customer))
 8 SYSTEMPATH\CodeIgniter.php(366): CodeIgniter\CodeIgniter->handleRequest(null, Object(Config\Cache), false)
 9 FCPATH\index.php(67): CodeIgniter\CodeIgniter->run()
10 SYSTEMPATH\Commands\Server\rewrite.php(47): require_once('D:\\xampp\\htdocs\\Webinar\\public\\index.php')
CRITICAL - 2023-07-13 01:53:59 --> Undefined array key 0
in APPPATH\Views\deskripsi.php on line 3.
 1 APPPATH\Views\deskripsi.php(3): CodeIgniter\Debug\Exceptions->errorHandler(2, 'Undefined array key 0', 'D:\\xampp\\htdocs\\Webinar\\app\\Views\\deskripsi.php', 3)
 2 SYSTEMPATH\View\View.php(224): include('D:\\xampp\\htdocs\\Webinar\\app\\Views\\deskripsi.php')
 3 SYSTEMPATH\View\View.php(227): CodeIgniter\View\View->CodeIgniter\View\{closure}()
 4 SYSTEMPATH\Common.php(1180): CodeIgniter\View\View->render('deskripsi', [], true)
 5 APPPATH\Controllers\Customer.php(30): view('deskripsi')
 6 SYSTEMPATH\CodeIgniter.php(932): App\Controllers\Customer->detailwebinar('img', 'webinar 1.jpg')
 7 SYSTEMPATH\CodeIgniter.php(497): CodeIgniter\CodeIgniter->runController(Object(App\Controllers\Customer))
 8 SYSTEMPATH\CodeIgniter.php(366): CodeIgniter\CodeIgniter->handleRequest(null, Object(Config\Cache), false)
 9 FCPATH\index.php(67): CodeIgniter\CodeIgniter->run()
10 SYSTEMPATH\Commands\Server\rewrite.php(47): require_once('D:\\xampp\\htdocs\\Webinar\\public\\index.php')
CRITICAL - 2023-07-13 01:54:00 --> Undefined array key 0
in APPPATH\Views\deskripsi.php on line 3.
 1 APPPATH\Views\deskripsi.php(3): CodeIgniter\Debug\Exceptions->errorHandler(2, 'Undefined array key 0', 'D:\\xampp\\htdocs\\Webinar\\app\\Views\\deskripsi.php', 3)
 2 SYSTEMPATH\View\View.php(224): include('D:\\xampp\\htdocs\\Webinar\\app\\Views\\deskripsi.php')
 3 SYSTEMPATH\View\View.php(227): CodeIgniter\View\View->CodeIgniter\View\{closure}()
 4 SYSTEMPATH\Common.php(1180): CodeIgniter\View\View->render('deskripsi', [], true)
 5 APPPATH\Controllers\Customer.php(30): view('deskripsi')
 6 SYSTEMPATH\CodeIgniter.php(932): App\Controllers\Customer->detailwebinar('img', 'about-1.jpg')
 7 SYSTEMPATH\CodeIgniter.php(497): CodeIgniter\CodeIgniter->runController(Object(App\Controllers\Customer))
 8 SYSTEMPATH\CodeIgniter.php(366): CodeIgniter\CodeIgniter->handleRequest(null, Object(Config\Cache), false)
 9 FCPATH\index.php(67): CodeIgniter\CodeIgniter->run()
10 SYSTEMPATH\Commands\Server\rewrite.php(47): require_once('D:\\xampp\\htdocs\\Webinar\\public\\index.php')
CRITICAL - 2023-07-13 01:54:00 --> Undefined array key 0
in APPPATH\Views\deskripsi.php on line 3.
 1 APPPATH\Views\deskripsi.php(3): CodeIgniter\Debug\Exceptions->errorHandler(2, 'Undefined array key 0', 'D:\\xampp\\htdocs\\Webinar\\app\\Views\\deskripsi.php', 3)
 2 SYSTEMPATH\View\View.php(224): include('D:\\xampp\\htdocs\\Webinar\\app\\Views\\deskripsi.php')
 3 SYSTEMPATH\View\View.php(227): CodeIgniter\View\View->CodeIgniter\View\{closure}()
 4 SYSTEMPATH\Common.php(1180): CodeIgniter\View\View->render('deskripsi', [], true)
 5 APPPATH\Controllers\Customer.php(30): view('deskripsi')
 6 SYSTEMPATH\CodeIgniter.php(932): App\Controllers\Customer->detailwebinar('<')
 7 SYSTEMPATH\CodeIgniter.php(497): CodeIgniter\CodeIgniter->runController(Object(App\Controllers\Customer))
 8 SYSTEMPATH\CodeIgniter.php(366): CodeIgniter\CodeIgniter->handleRequest(null, Object(Config\Cache), false)
 9 FCPATH\index.php(67): CodeIgniter\CodeIgniter->run()
10 SYSTEMPATH\Commands\Server\rewrite.php(47): require_once('D:\\xampp\\htdocs\\Webinar\\public\\index.php')
CRITICAL - 2023-07-13 01:54:00 --> Undefined array key 0
in APPPATH\Views\deskripsi.php on line 3.
 1 APPPATH\Views\deskripsi.php(3): CodeIgniter\Debug\Exceptions->errorHandler(2, 'Undefined array key 0', 'D:\\xampp\\htdocs\\Webinar\\app\\Views\\deskripsi.php', 3)
 2 SYSTEMPATH\View\View.php(224): include('D:\\xampp\\htdocs\\Webinar\\app\\Views\\deskripsi.php')
 3 SYSTEMPATH\View\View.php(227): CodeIgniter\View\View->CodeIgniter\View\{closure}()
 4 SYSTEMPATH\Common.php(1180): CodeIgniter\View\View->render('deskripsi', [], true)
 5 APPPATH\Controllers\Customer.php(30): view('deskripsi')
 6 SYSTEMPATH\CodeIgniter.php(932): App\Controllers\Customer->detailwebinar('<')
 7 SYSTEMPATH\CodeIgniter.php(497): CodeIgniter\CodeIgniter->runController(Object(App\Controllers\Customer))
 8 SYSTEMPATH\CodeIgniter.php(366): CodeIgniter\CodeIgniter->handleRequest(null, Object(Config\Cache), false)
 9 FCPATH\index.php(67): CodeIgniter\CodeIgniter->run()
10 SYSTEMPATH\Commands\Server\rewrite.php(47): require_once('D:\\xampp\\htdocs\\Webinar\\public\\index.php')
CRITICAL - 2023-07-13 01:54:00 --> Undefined array key 0
in APPPATH\Views\deskripsi.php on line 3.
 1 APPPATH\Views\deskripsi.php(3): CodeIgniter\Debug\Exceptions->errorHandler(2, 'Undefined array key 0', 'D:\\xampp\\htdocs\\Webinar\\app\\Views\\deskripsi.php', 3)
 2 SYSTEMPATH\View\View.php(224): include('D:\\xampp\\htdocs\\Webinar\\app\\Views\\deskripsi.php')
 3 SYSTEMPATH\View\View.php(227): CodeIgniter\View\View->CodeIgniter\View\{closure}()
 4 SYSTEMPATH\Common.php(1180): CodeIgniter\View\View->render('deskripsi', [], true)
 5 APPPATH\Controllers\Customer.php(30): view('deskripsi')
 6 SYSTEMPATH\CodeIgniter.php(932): App\Controllers\Customer->detailwebinar('<')
 7 SYSTEMPATH\CodeIgniter.php(497): CodeIgniter\CodeIgniter->runController(Object(App\Controllers\Customer))
 8 SYSTEMPATH\CodeIgniter.php(366): CodeIgniter\CodeIgniter->handleRequest(null, Object(Config\Cache), false)
 9 FCPATH\index.php(67): CodeIgniter\CodeIgniter->run()
10 SYSTEMPATH\Commands\Server\rewrite.php(47): require_once('D:\\xampp\\htdocs\\Webinar\\public\\index.php')
CRITICAL - 2023-07-13 01:54:01 --> Undefined array key 0
in APPPATH\Views\deskripsi.php on line 3.
 1 APPPATH\Views\deskripsi.php(3): CodeIgniter\Debug\Exceptions->errorHandler(2, 'Undefined array key 0', 'D:\\xampp\\htdocs\\Webinar\\app\\Views\\deskripsi.php', 3)
 2 SYSTEMPATH\View\View.php(224): include('D:\\xampp\\htdocs\\Webinar\\app\\Views\\deskripsi.php')
 3 SYSTEMPATH\View\View.php(227): CodeIgniter\View\View->CodeIgniter\View\{closure}()
 4 SYSTEMPATH\Common.php(1180): CodeIgniter\View\View->render('deskripsi', [], true)
 5 APPPATH\Controllers\Customer.php(30): view('deskripsi')
 6 SYSTEMPATH\CodeIgniter.php(932): App\Controllers\Customer->detailwebinar('img', 'lampung cerdas.webp')
 7 SYSTEMPATH\CodeIgniter.php(497): CodeIgniter\CodeIgniter->runController(Object(App\Controllers\Customer))
 8 SYSTEMPATH\CodeIgniter.php(366): CodeIgniter\CodeIgniter->handleRequest(null, Object(Config\Cache), false)
 9 FCPATH\index.php(67): CodeIgniter\CodeIgniter->run()
10 SYSTEMPATH\Commands\Server\rewrite.php(47): require_once('D:\\xampp\\htdocs\\Webinar\\public\\index.php')
<<<<<<< HEAD
>>>>>>> 5dbce5c0a0f2dea7c5b64a9960376e86d84e4f6b
=======
CRITICAL - 2023-07-13 02:42:30 --> Undefined variable $data
in APPPATH\Controllers\Admin.php on line 31.
 1 APPPATH\Controllers\Admin.php(31): CodeIgniter\Debug\Exceptions->errorHandler(2, 'Undefined variable $data', 'D:\\xampp\\htdocs\\Webinar\\app\\Controllers\\Admin.php', 31)
 2 SYSTEMPATH\CodeIgniter.php(932): App\Controllers\Admin->login()
 3 SYSTEMPATH\CodeIgniter.php(497): CodeIgniter\CodeIgniter->runController(Object(App\Controllers\Admin))
 4 SYSTEMPATH\CodeIgniter.php(366): CodeIgniter\CodeIgniter->handleRequest(null, Object(Config\Cache), false)
 5 FCPATH\index.php(67): CodeIgniter\CodeIgniter->run()
 6 SYSTEMPATH\Commands\Server\rewrite.php(47): require_once('D:\\xampp\\htdocs\\Webinar\\public\\index.php')
CRITICAL - 2023-07-13 03:59:31 --> Undefined array key 0
in APPPATH\Views\deskripsi.php on line 3.
 1 APPPATH\Views\deskripsi.php(3): CodeIgniter\Debug\Exceptions->errorHandler(2, 'Undefined array key 0', 'D:\\xampp\\htdocs\\Webinar\\app\\Views\\deskripsi.php', 3)
 2 SYSTEMPATH\View\View.php(224): include('D:\\xampp\\htdocs\\Webinar\\app\\Views\\deskripsi.php')
 3 SYSTEMPATH\View\View.php(227): CodeIgniter\View\View->CodeIgniter\View\{closure}()
 4 SYSTEMPATH\Common.php(1180): CodeIgniter\View\View->render('deskripsi', [], true)
 5 APPPATH\Controllers\Customer.php(30): view('deskripsi')
 6 SYSTEMPATH\CodeIgniter.php(932): App\Controllers\Customer->detailwebinar('owl.carousel.min.css')
 7 SYSTEMPATH\CodeIgniter.php(497): CodeIgniter\CodeIgniter->runController(Object(App\Controllers\Customer))
 8 SYSTEMPATH\CodeIgniter.php(366): CodeIgniter\CodeIgniter->handleRequest(null, Object(Config\Cache), false)
 9 FCPATH\index.php(67): CodeIgniter\CodeIgniter->run()
10 SYSTEMPATH\Commands\Server\rewrite.php(47): require_once('D:\\xampp\\htdocs\\Webinar\\public\\index.php')
CRITICAL - 2023-07-13 03:59:31 --> Undefined array key 0
in APPPATH\Views\deskripsi.php on line 3.
 1 APPPATH\Views\deskripsi.php(3): CodeIgniter\Debug\Exceptions->errorHandler(2, 'Undefined array key 0', 'D:\\xampp\\htdocs\\Webinar\\app\\Views\\deskripsi.php', 3)
 2 SYSTEMPATH\View\View.php(224): include('D:\\xampp\\htdocs\\Webinar\\app\\Views\\deskripsi.php')
 3 SYSTEMPATH\View\View.php(227): CodeIgniter\View\View->CodeIgniter\View\{closure}()
 4 SYSTEMPATH\Common.php(1180): CodeIgniter\View\View->render('deskripsi', [], true)
 5 APPPATH\Controllers\Customer.php(30): view('deskripsi')
 6 SYSTEMPATH\CodeIgniter.php(932): App\Controllers\Customer->detailwebinar('css', 'bootstrap.min.css')
 7 SYSTEMPATH\CodeIgniter.php(497): CodeIgniter\CodeIgniter->runController(Object(App\Controllers\Customer))
 8 SYSTEMPATH\CodeIgniter.php(366): CodeIgniter\CodeIgniter->handleRequest(null, Object(Config\Cache), false)
 9 FCPATH\index.php(67): CodeIgniter\CodeIgniter->run()
10 SYSTEMPATH\Commands\Server\rewrite.php(47): require_once('D:\\xampp\\htdocs\\Webinar\\public\\index.php')
CRITICAL - 2023-07-13 03:59:31 --> Undefined array key 0
in APPPATH\Views\deskripsi.php on line 3.
 1 APPPATH\Views\deskripsi.php(3): CodeIgniter\Debug\Exceptions->errorHandler(2, 'Undefined array key 0', 'D:\\xampp\\htdocs\\Webinar\\app\\Views\\deskripsi.php', 3)
 2 SYSTEMPATH\View\View.php(224): include('D:\\xampp\\htdocs\\Webinar\\app\\Views\\deskripsi.php')
 3 SYSTEMPATH\View\View.php(227): CodeIgniter\View\View->CodeIgniter\View\{closure}()
 4 SYSTEMPATH\Common.php(1180): CodeIgniter\View\View->render('deskripsi', [], true)
 5 APPPATH\Controllers\Customer.php(30): view('deskripsi')
 6 SYSTEMPATH\CodeIgniter.php(932): App\Controllers\Customer->detailwebinar('css', 'style.css')
 7 SYSTEMPATH\CodeIgniter.php(497): CodeIgniter\CodeIgniter->runController(Object(App\Controllers\Customer))
 8 SYSTEMPATH\CodeIgniter.php(366): CodeIgniter\CodeIgniter->handleRequest(null, Object(Config\Cache), false)
 9 FCPATH\index.php(67): CodeIgniter\CodeIgniter->run()
10 SYSTEMPATH\Commands\Server\rewrite.php(47): require_once('D:\\xampp\\htdocs\\Webinar\\public\\index.php')
CRITICAL - 2023-07-13 03:59:31 --> Undefined array key 0
in APPPATH\Views\deskripsi.php on line 3.
 1 APPPATH\Views\deskripsi.php(3): CodeIgniter\Debug\Exceptions->errorHandler(2, 'Undefined array key 0', 'D:\\xampp\\htdocs\\Webinar\\app\\Views\\deskripsi.php', 3)
 2 SYSTEMPATH\View\View.php(224): include('D:\\xampp\\htdocs\\Webinar\\app\\Views\\deskripsi.php')
 3 SYSTEMPATH\View\View.php(227): CodeIgniter\View\View->CodeIgniter\View\{closure}()
 4 SYSTEMPATH\Common.php(1180): CodeIgniter\View\View->render('deskripsi', [], true)
 5 APPPATH\Controllers\Customer.php(30): view('deskripsi')
 6 SYSTEMPATH\CodeIgniter.php(932): App\Controllers\Customer->detailwebinar('<')
 7 SYSTEMPATH\CodeIgniter.php(497): CodeIgniter\CodeIgniter->runController(Object(App\Controllers\Customer))
 8 SYSTEMPATH\CodeIgniter.php(366): CodeIgniter\CodeIgniter->handleRequest(null, Object(Config\Cache), false)
 9 FCPATH\index.php(67): CodeIgniter\CodeIgniter->run()
10 SYSTEMPATH\Commands\Server\rewrite.php(47): require_once('D:\\xampp\\htdocs\\Webinar\\public\\index.php')
CRITICAL - 2023-07-13 03:59:31 --> Undefined array key 0
in APPPATH\Views\deskripsi.php on line 3.
 1 APPPATH\Views\deskripsi.php(3): CodeIgniter\Debug\Exceptions->errorHandler(2, 'Undefined array key 0', 'D:\\xampp\\htdocs\\Webinar\\app\\Views\\deskripsi.php', 3)
 2 SYSTEMPATH\View\View.php(224): include('D:\\xampp\\htdocs\\Webinar\\app\\Views\\deskripsi.php')
 3 SYSTEMPATH\View\View.php(227): CodeIgniter\View\View->CodeIgniter\View\{closure}()
 4 SYSTEMPATH\Common.php(1180): CodeIgniter\View\View->render('deskripsi', [], true)
 5 APPPATH\Controllers\Customer.php(30): view('deskripsi')
 6 SYSTEMPATH\CodeIgniter.php(932): App\Controllers\Customer->detailwebinar('<')
 7 SYSTEMPATH\CodeIgniter.php(497): CodeIgniter\CodeIgniter->runController(Object(App\Controllers\Customer))
 8 SYSTEMPATH\CodeIgniter.php(366): CodeIgniter\CodeIgniter->handleRequest(null, Object(Config\Cache), false)
 9 FCPATH\index.php(67): CodeIgniter\CodeIgniter->run()
10 SYSTEMPATH\Commands\Server\rewrite.php(47): require_once('D:\\xampp\\htdocs\\Webinar\\public\\index.php')
CRITICAL - 2023-07-13 03:59:31 --> Undefined array key 0
in APPPATH\Views\deskripsi.php on line 3.
 1 APPPATH\Views\deskripsi.php(3): CodeIgniter\Debug\Exceptions->errorHandler(2, 'Undefined array key 0', 'D:\\xampp\\htdocs\\Webinar\\app\\Views\\deskripsi.php', 3)
 2 SYSTEMPATH\View\View.php(224): include('D:\\xampp\\htdocs\\Webinar\\app\\Views\\deskripsi.php')
 3 SYSTEMPATH\View\View.php(227): CodeIgniter\View\View->CodeIgniter\View\{closure}()
 4 SYSTEMPATH\Common.php(1180): CodeIgniter\View\View->render('deskripsi', [], true)
 5 APPPATH\Controllers\Customer.php(30): view('deskripsi')
 6 SYSTEMPATH\CodeIgniter.php(932): App\Controllers\Customer->detailwebinar('<')
 7 SYSTEMPATH\CodeIgniter.php(497): CodeIgniter\CodeIgniter->runController(Object(App\Controllers\Customer))
 8 SYSTEMPATH\CodeIgniter.php(366): CodeIgniter\CodeIgniter->handleRequest(null, Object(Config\Cache), false)
 9 FCPATH\index.php(67): CodeIgniter\CodeIgniter->run()
10 SYSTEMPATH\Commands\Server\rewrite.php(47): require_once('D:\\xampp\\htdocs\\Webinar\\public\\index.php')
CRITICAL - 2023-07-13 03:59:31 --> Undefined array key 0
in APPPATH\Views\deskripsi.php on line 3.
 1 APPPATH\Views\deskripsi.php(3): CodeIgniter\Debug\Exceptions->errorHandler(2, 'Undefined array key 0', 'D:\\xampp\\htdocs\\Webinar\\app\\Views\\deskripsi.php', 3)
 2 SYSTEMPATH\View\View.php(224): include('D:\\xampp\\htdocs\\Webinar\\app\\Views\\deskripsi.php')
 3 SYSTEMPATH\View\View.php(227): CodeIgniter\View\View->CodeIgniter\View\{closure}()
 4 SYSTEMPATH\Common.php(1180): CodeIgniter\View\View->render('deskripsi', [], true)
 5 APPPATH\Controllers\Customer.php(30): view('deskripsi')
 6 SYSTEMPATH\CodeIgniter.php(932): App\Controllers\Customer->detailwebinar('<')
 7 SYSTEMPATH\CodeIgniter.php(497): CodeIgniter\CodeIgniter->runController(Object(App\Controllers\Customer))
 8 SYSTEMPATH\CodeIgniter.php(366): CodeIgniter\CodeIgniter->handleRequest(null, Object(Config\Cache), false)
 9 FCPATH\index.php(67): CodeIgniter\CodeIgniter->run()
10 SYSTEMPATH\Commands\Server\rewrite.php(47): require_once('D:\\xampp\\htdocs\\Webinar\\public\\index.php')
CRITICAL - 2023-07-13 03:59:32 --> Undefined array key 0
in APPPATH\Views\deskripsi.php on line 3.
 1 APPPATH\Views\deskripsi.php(3): CodeIgniter\Debug\Exceptions->errorHandler(2, 'Undefined array key 0', 'D:\\xampp\\htdocs\\Webinar\\app\\Views\\deskripsi.php', 3)
 2 SYSTEMPATH\View\View.php(224): include('D:\\xampp\\htdocs\\Webinar\\app\\Views\\deskripsi.php')
 3 SYSTEMPATH\View\View.php(227): CodeIgniter\View\View->CodeIgniter\View\{closure}()
 4 SYSTEMPATH\Common.php(1180): CodeIgniter\View\View->render('deskripsi', [], true)
 5 APPPATH\Controllers\Customer.php(30): view('deskripsi')
 6 SYSTEMPATH\CodeIgniter.php(932): App\Controllers\Customer->detailwebinar('<')
 7 SYSTEMPATH\CodeIgniter.php(497): CodeIgniter\CodeIgniter->runController(Object(App\Controllers\Customer))
 8 SYSTEMPATH\CodeIgniter.php(366): CodeIgniter\CodeIgniter->handleRequest(null, Object(Config\Cache), false)
 9 FCPATH\index.php(67): CodeIgniter\CodeIgniter->run()
10 SYSTEMPATH\Commands\Server\rewrite.php(47): require_once('D:\\xampp\\htdocs\\Webinar\\public\\index.php')
CRITICAL - 2023-07-13 03:59:32 --> Undefined array key 0
in APPPATH\Views\deskripsi.php on line 3.
 1 APPPATH\Views\deskripsi.php(3): CodeIgniter\Debug\Exceptions->errorHandler(2, 'Undefined array key 0', 'D:\\xampp\\htdocs\\Webinar\\app\\Views\\deskripsi.php', 3)
 2 SYSTEMPATH\View\View.php(224): include('D:\\xampp\\htdocs\\Webinar\\app\\Views\\deskripsi.php')
 3 SYSTEMPATH\View\View.php(227): CodeIgniter\View\View->CodeIgniter\View\{closure}()
 4 SYSTEMPATH\Common.php(1180): CodeIgniter\View\View->render('deskripsi', [], true)
 5 APPPATH\Controllers\Customer.php(30): view('deskripsi')
 6 SYSTEMPATH\CodeIgniter.php(932): App\Controllers\Customer->detailwebinar('<')
 7 SYSTEMPATH\CodeIgniter.php(497): CodeIgniter\CodeIgniter->runController(Object(App\Controllers\Customer))
 8 SYSTEMPATH\CodeIgniter.php(366): CodeIgniter\CodeIgniter->handleRequest(null, Object(Config\Cache), false)
 9 FCPATH\index.php(67): CodeIgniter\CodeIgniter->run()
10 SYSTEMPATH\Commands\Server\rewrite.php(47): require_once('D:\\xampp\\htdocs\\Webinar\\public\\index.php')
CRITICAL - 2023-07-13 03:59:32 --> Undefined array key 0
in APPPATH\Views\deskripsi.php on line 3.
 1 APPPATH\Views\deskripsi.php(3): CodeIgniter\Debug\Exceptions->errorHandler(2, 'Undefined array key 0', 'D:\\xampp\\htdocs\\Webinar\\app\\Views\\deskripsi.php', 3)
 2 SYSTEMPATH\View\View.php(224): include('D:\\xampp\\htdocs\\Webinar\\app\\Views\\deskripsi.php')
 3 SYSTEMPATH\View\View.php(227): CodeIgniter\View\View->CodeIgniter\View\{closure}()
 4 SYSTEMPATH\Common.php(1180): CodeIgniter\View\View->render('deskripsi', [], true)
 5 APPPATH\Controllers\Customer.php(30): view('deskripsi')
 6 SYSTEMPATH\CodeIgniter.php(932): App\Controllers\Customer->detailwebinar('img', 'about-1.jpg')
 7 SYSTEMPATH\CodeIgniter.php(497): CodeIgniter\CodeIgniter->runController(Object(App\Controllers\Customer))
 8 SYSTEMPATH\CodeIgniter.php(366): CodeIgniter\CodeIgniter->handleRequest(null, Object(Config\Cache), false)
 9 FCPATH\index.php(67): CodeIgniter\CodeIgniter->run()
10 SYSTEMPATH\Commands\Server\rewrite.php(47): require_once('D:\\xampp\\htdocs\\Webinar\\public\\index.php')
CRITICAL - 2023-07-13 03:59:32 --> Undefined array key 0
in APPPATH\Views\deskripsi.php on line 3.
 1 APPPATH\Views\deskripsi.php(3): CodeIgniter\Debug\Exceptions->errorHandler(2, 'Undefined array key 0', 'D:\\xampp\\htdocs\\Webinar\\app\\Views\\deskripsi.php', 3)
 2 SYSTEMPATH\View\View.php(224): include('D:\\xampp\\htdocs\\Webinar\\app\\Views\\deskripsi.php')
 3 SYSTEMPATH\View\View.php(227): CodeIgniter\View\View->CodeIgniter\View\{closure}()
 4 SYSTEMPATH\Common.php(1180): CodeIgniter\View\View->render('deskripsi', [], true)
 5 APPPATH\Controllers\Customer.php(30): view('deskripsi')
 6 SYSTEMPATH\CodeIgniter.php(932): App\Controllers\Customer->detailwebinar('img', 'webinar 1.jpg')
 7 SYSTEMPATH\CodeIgniter.php(497): CodeIgniter\CodeIgniter->runController(Object(App\Controllers\Customer))
 8 SYSTEMPATH\CodeIgniter.php(366): CodeIgniter\CodeIgniter->handleRequest(null, Object(Config\Cache), false)
 9 FCPATH\index.php(67): CodeIgniter\CodeIgniter->run()
10 SYSTEMPATH\Commands\Server\rewrite.php(47): require_once('D:\\xampp\\htdocs\\Webinar\\public\\index.php')
CRITICAL - 2023-07-13 03:59:32 --> Undefined array key 0
in APPPATH\Views\deskripsi.php on line 3.
 1 APPPATH\Views\deskripsi.php(3): CodeIgniter\Debug\Exceptions->errorHandler(2, 'Undefined array key 0', 'D:\\xampp\\htdocs\\Webinar\\app\\Views\\deskripsi.php', 3)
 2 SYSTEMPATH\View\View.php(224): include('D:\\xampp\\htdocs\\Webinar\\app\\Views\\deskripsi.php')
 3 SYSTEMPATH\View\View.php(227): CodeIgniter\View\View->CodeIgniter\View\{closure}()
 4 SYSTEMPATH\Common.php(1180): CodeIgniter\View\View->render('deskripsi', [], true)
 5 APPPATH\Controllers\Customer.php(30): view('deskripsi')
 6 SYSTEMPATH\CodeIgniter.php(932): App\Controllers\Customer->detailwebinar('<')
 7 SYSTEMPATH\CodeIgniter.php(497): CodeIgniter\CodeIgniter->runController(Object(App\Controllers\Customer))
 8 SYSTEMPATH\CodeIgniter.php(366): CodeIgniter\CodeIgniter->handleRequest(null, Object(Config\Cache), false)
 9 FCPATH\index.php(67): CodeIgniter\CodeIgniter->run()
10 SYSTEMPATH\Commands\Server\rewrite.php(47): require_once('D:\\xampp\\htdocs\\Webinar\\public\\index.php')
CRITICAL - 2023-07-13 03:59:32 --> Undefined array key 0
in APPPATH\Views\deskripsi.php on line 3.
 1 APPPATH\Views\deskripsi.php(3): CodeIgniter\Debug\Exceptions->errorHandler(2, 'Undefined array key 0', 'D:\\xampp\\htdocs\\Webinar\\app\\Views\\deskripsi.php', 3)
 2 SYSTEMPATH\View\View.php(224): include('D:\\xampp\\htdocs\\Webinar\\app\\Views\\deskripsi.php')
 3 SYSTEMPATH\View\View.php(227): CodeIgniter\View\View->CodeIgniter\View\{closure}()
 4 SYSTEMPATH\Common.php(1180): CodeIgniter\View\View->render('deskripsi', [], true)
 5 APPPATH\Controllers\Customer.php(30): view('deskripsi')
 6 SYSTEMPATH\CodeIgniter.php(932): App\Controllers\Customer->detailwebinar('<')
 7 SYSTEMPATH\CodeIgniter.php(497): CodeIgniter\CodeIgniter->runController(Object(App\Controllers\Customer))
 8 SYSTEMPATH\CodeIgniter.php(366): CodeIgniter\CodeIgniter->handleRequest(null, Object(Config\Cache), false)
 9 FCPATH\index.php(67): CodeIgniter\CodeIgniter->run()
10 SYSTEMPATH\Commands\Server\rewrite.php(47): require_once('D:\\xampp\\htdocs\\Webinar\\public\\index.php')
CRITICAL - 2023-07-13 03:59:33 --> Undefined array key 0
in APPPATH\Views\deskripsi.php on line 3.
 1 APPPATH\Views\deskripsi.php(3): CodeIgniter\Debug\Exceptions->errorHandler(2, 'Undefined array key 0', 'D:\\xampp\\htdocs\\Webinar\\app\\Views\\deskripsi.php', 3)
 2 SYSTEMPATH\View\View.php(224): include('D:\\xampp\\htdocs\\Webinar\\app\\Views\\deskripsi.php')
 3 SYSTEMPATH\View\View.php(227): CodeIgniter\View\View->CodeIgniter\View\{closure}()
 4 SYSTEMPATH\Common.php(1180): CodeIgniter\View\View->render('deskripsi', [], true)
 5 APPPATH\Controllers\Customer.php(30): view('deskripsi')
 6 SYSTEMPATH\CodeIgniter.php(932): App\Controllers\Customer->detailwebinar('<')
 7 SYSTEMPATH\CodeIgniter.php(497): CodeIgniter\CodeIgniter->runController(Object(App\Controllers\Customer))
 8 SYSTEMPATH\CodeIgniter.php(366): CodeIgniter\CodeIgniter->handleRequest(null, Object(Config\Cache), false)
 9 FCPATH\index.php(67): CodeIgniter\CodeIgniter->run()
10 SYSTEMPATH\Commands\Server\rewrite.php(47): require_once('D:\\xampp\\htdocs\\Webinar\\public\\index.php')
CRITICAL - 2023-07-13 03:59:33 --> Undefined array key 0
in APPPATH\Views\deskripsi.php on line 3.
 1 APPPATH\Views\deskripsi.php(3): CodeIgniter\Debug\Exceptions->errorHandler(2, 'Undefined array key 0', 'D:\\xampp\\htdocs\\Webinar\\app\\Views\\deskripsi.php', 3)
 2 SYSTEMPATH\View\View.php(224): include('D:\\xampp\\htdocs\\Webinar\\app\\Views\\deskripsi.php')
 3 SYSTEMPATH\View\View.php(227): CodeIgniter\View\View->CodeIgniter\View\{closure}()
 4 SYSTEMPATH\Common.php(1180): CodeIgniter\View\View->render('deskripsi', [], true)
 5 APPPATH\Controllers\Customer.php(30): view('deskripsi')
 6 SYSTEMPATH\CodeIgniter.php(932): App\Controllers\Customer->detailwebinar('img', 'lampung cerdas.webp')
 7 SYSTEMPATH\CodeIgniter.php(497): CodeIgniter\CodeIgniter->runController(Object(App\Controllers\Customer))
 8 SYSTEMPATH\CodeIgniter.php(366): CodeIgniter\CodeIgniter->handleRequest(null, Object(Config\Cache), false)
 9 FCPATH\index.php(67): CodeIgniter\CodeIgniter->run()
10 SYSTEMPATH\Commands\Server\rewrite.php(47): require_once('D:\\xampp\\htdocs\\Webinar\\public\\index.php')
CRITICAL - 2023-07-13 04:10:20 --> Class "App\Controllers\adminModel" not found
in APPPATH\Controllers\Admin.php on line 38.
 1 SYSTEMPATH\CodeIgniter.php(932): App\Controllers\Admin->actlogin()
 2 SYSTEMPATH\CodeIgniter.php(497): CodeIgniter\CodeIgniter->runController(Object(App\Controllers\Admin))
 3 SYSTEMPATH\CodeIgniter.php(366): CodeIgniter\CodeIgniter->handleRequest(null, Object(Config\Cache), false)
 4 FCPATH\index.php(67): CodeIgniter\CodeIgniter->run()
 5 SYSTEMPATH\Commands\Server\rewrite.php(47): require_once('D:\\xampp\\htdocs\\Webinar\\public\\index.php')
CRITICAL - 2023-07-13 04:11:00 --> Class "App\Models\adminModel" not found
in APPPATH\Controllers\Admin.php on line 39.
 1 SYSTEMPATH\CodeIgniter.php(932): App\Controllers\Admin->actlogin()
 2 SYSTEMPATH\CodeIgniter.php(497): CodeIgniter\CodeIgniter->runController(Object(App\Controllers\Admin))
 3 SYSTEMPATH\CodeIgniter.php(366): CodeIgniter\CodeIgniter->handleRequest(null, Object(Config\Cache), false)
 4 FCPATH\index.php(67): CodeIgniter\CodeIgniter->run()
 5 SYSTEMPATH\Commands\Server\rewrite.php(47): require_once('D:\\xampp\\htdocs\\Webinar\\public\\index.php')
CRITICAL - 2023-07-13 04:11:12 --> Class "App\Models\adminModel" not found
in APPPATH\Controllers\Admin.php on line 39.
 1 SYSTEMPATH\CodeIgniter.php(932): App\Controllers\Admin->actlogin()
 2 SYSTEMPATH\CodeIgniter.php(497): CodeIgniter\CodeIgniter->runController(Object(App\Controllers\Admin))
 3 SYSTEMPATH\CodeIgniter.php(366): CodeIgniter\CodeIgniter->handleRequest(null, Object(Config\Cache), false)
 4 FCPATH\index.php(67): CodeIgniter\CodeIgniter->run()
 5 SYSTEMPATH\Commands\Server\rewrite.php(47): require_once('D:\\xampp\\htdocs\\Webinar\\public\\index.php')
CRITICAL - 2023-07-13 04:12:53 --> Class "App\Models\adminModel" not found
in APPPATH\Controllers\Admin.php on line 39.
 1 SYSTEMPATH\CodeIgniter.php(932): App\Controllers\Admin->actlogin()
 2 SYSTEMPATH\CodeIgniter.php(497): CodeIgniter\CodeIgniter->runController(Object(App\Controllers\Admin))
 3 SYSTEMPATH\CodeIgniter.php(366): CodeIgniter\CodeIgniter->handleRequest(null, Object(Config\Cache), false)
 4 FCPATH\index.php(67): CodeIgniter\CodeIgniter->run()
 5 SYSTEMPATH\Commands\Server\rewrite.php(47): require_once('D:\\xampp\\htdocs\\Webinar\\public\\index.php')
INFO - 2023-07-13 04:14:51 --> Session: Class initialized using 'CodeIgniter\Session\Handlers\FileHandler' driver.
CRITICAL - 2023-07-13 04:14:57 --> Class "App\Models\adminModel" not found
in APPPATH\Controllers\Admin.php on line 39.
 1 SYSTEMPATH\CodeIgniter.php(932): App\Controllers\Admin->actlogin()
 2 SYSTEMPATH\CodeIgniter.php(497): CodeIgniter\CodeIgniter->runController(Object(App\Controllers\Admin))
 3 SYSTEMPATH\CodeIgniter.php(366): CodeIgniter\CodeIgniter->handleRequest(null, Object(Config\Cache), false)
 4 FCPATH\index.php(67): CodeIgniter\CodeIgniter->run()
 5 SYSTEMPATH\Commands\Server\rewrite.php(47): require_once('D:\\xampp\\htdocs\\Webinar\\public\\index.php')
>>>>>>> 5ba9fac457f1f9081e6c7722bb26ef6fd9c2046d
CRITICAL - 2023-07-13 04:26:50 --> Class "App\Models\adminModel" not found
in APPPATH\Controllers\Admin.php on line 39.
 1 SYSTEMPATH\CodeIgniter.php(932): App\Controllers\Admin->actlogin()
 2 SYSTEMPATH\CodeIgniter.php(497): CodeIgniter\CodeIgniter->runController(Object(App\Controllers\Admin))
 3 SYSTEMPATH\CodeIgniter.php(366): CodeIgniter\CodeIgniter->handleRequest(null, Object(Config\Cache), false)
 4 FCPATH\index.php(67): CodeIgniter\CodeIgniter->run()
 5 SYSTEMPATH\Commands\Server\rewrite.php(47): require_once('D:\\xampp\\htdocs\\Webinar\\public\\index.php')
CRITICAL - 2023-07-13 04:27:43 --> Call to undefined function App\Controllers\redirec()
in APPPATH\Controllers\Admin.php on line 29.
 1 SYSTEMPATH\CodeIgniter.php(932): App\Controllers\Admin->login()
 2 SYSTEMPATH\CodeIgniter.php(497): CodeIgniter\CodeIgniter->runController(Object(App\Controllers\Admin))
 3 SYSTEMPATH\CodeIgniter.php(366): CodeIgniter\CodeIgniter->handleRequest(null, Object(Config\Cache), false)
 4 FCPATH\index.php(67): CodeIgniter\CodeIgniter->run()
 5 SYSTEMPATH\Commands\Server\rewrite.php(47): require_once('D:\\xampp\\htdocs\\Webinar\\public\\index.php')
CRITICAL - 2023-07-13 04:27:49 --> Call to undefined function App\Controllers\redirec()
in APPPATH\Controllers\Admin.php on line 29.
 1 SYSTEMPATH\CodeIgniter.php(932): App\Controllers\Admin->login()
 2 SYSTEMPATH\CodeIgniter.php(497): CodeIgniter\CodeIgniter->runController(Object(App\Controllers\Admin))
 3 SYSTEMPATH\CodeIgniter.php(366): CodeIgniter\CodeIgniter->handleRequest(null, Object(Config\Cache), false)
 4 FCPATH\index.php(67): CodeIgniter\CodeIgniter->run()
 5 SYSTEMPATH\Commands\Server\rewrite.php(47): require_once('D:\\xampp\\htdocs\\Webinar\\public\\index.php')
CRITICAL - 2023-07-13 04:27:50 --> Call to undefined function App\Controllers\redirec()
in APPPATH\Controllers\Admin.php on line 29.
 1 SYSTEMPATH\CodeIgniter.php(932): App\Controllers\Admin->login()
 2 SYSTEMPATH\CodeIgniter.php(497): CodeIgniter\CodeIgniter->runController(Object(App\Controllers\Admin))
 3 SYSTEMPATH\CodeIgniter.php(366): CodeIgniter\CodeIgniter->handleRequest(null, Object(Config\Cache), false)
 4 FCPATH\index.php(67): CodeIgniter\CodeIgniter->run()
 5 SYSTEMPATH\Commands\Server\rewrite.php(47): require_once('D:\\xampp\\htdocs\\Webinar\\public\\index.php')
CRITICAL - 2023-07-13 04:36:55 --> Undefined property: stdClass::$nama
in APPPATH\Views\tampildatacustomer.php on line 30.
 1 APPPATH\Views\tampildatacustomer.php(30): CodeIgniter\Debug\Exceptions->errorHandler(2, 'Undefined property: stdClass::$nama', 'D:\\xampp\\htdocs\\Webinar\\app\\Views\\tampildatacustomer.php', 30)
 2 SYSTEMPATH\View\View.php(224): include('D:\\xampp\\htdocs\\Webinar\\app\\Views\\tampildatacustomer.php')
 3 SYSTEMPATH\View\View.php(227): CodeIgniter\View\View->CodeIgniter\View\{closure}()
 4 SYSTEMPATH\Common.php(1180): CodeIgniter\View\View->render('tampildatacustomer', [], true)
 5 APPPATH\Controllers\Customer.php(43): view('tampildatacustomer')
 6 SYSTEMPATH\CodeIgniter.php(932): App\Controllers\Customer->lihat('$1')
 7 SYSTEMPATH\CodeIgniter.php(497): CodeIgniter\CodeIgniter->runController(Object(App\Controllers\Customer))
 8 SYSTEMPATH\CodeIgniter.php(366): CodeIgniter\CodeIgniter->handleRequest(null, Object(Config\Cache), false)
 9 FCPATH\index.php(67): CodeIgniter\CodeIgniter->run()
10 SYSTEMPATH\Commands\Server\rewrite.php(47): require_once('D:\\xampp\\htdocs\\Webinar\\public\\index.php')
CRITICAL - 2023-07-13 04:56:40 --> Undefined property: stdClass::$deskripsi
in APPPATH\Views\dataWebinar.php on line 118.
 1 APPPATH\Views\dataWebinar.php(118): CodeIgniter\Debug\Exceptions->errorHandler(2, 'Undefined property: stdClass::$deskripsi', 'D:\\xampp\\htdocs\\Webinar\\app\\Views\\dataWebinar.php', 118)
 2 SYSTEMPATH\View\View.php(224): include('D:\\xampp\\htdocs\\Webinar\\app\\Views\\dataWebinar.php')
 3 SYSTEMPATH\View\View.php(227): CodeIgniter\View\View->CodeIgniter\View\{closure}()
 4 SYSTEMPATH\Common.php(1180): CodeIgniter\View\View->render('dataWebinar', [], true)
 5 APPPATH\Controllers\Admin.php(76): view('dataWebinar', [...])
 6 SYSTEMPATH\CodeIgniter.php(932): App\Controllers\Admin->datawebinar()
 7 SYSTEMPATH\CodeIgniter.php(497): CodeIgniter\CodeIgniter->runController(Object(App\Controllers\Admin))
 8 SYSTEMPATH\CodeIgniter.php(366): CodeIgniter\CodeIgniter->handleRequest(null, Object(Config\Cache), false)
 9 FCPATH\index.php(67): CodeIgniter\CodeIgniter->run()
10 SYSTEMPATH\Commands\Server\rewrite.php(47): require_once('D:\\xampp\\htdocs\\Webinar\\public\\index.php')
CRITICAL - 2023-07-13 04:58:55 --> Undefined property: stdClass::$deskripsi
in APPPATH\Views\dataWebinar.php on line 118.
 1 APPPATH\Views\dataWebinar.php(118): CodeIgniter\Debug\Exceptions->errorHandler(2, 'Undefined property: stdClass::$deskripsi', 'D:\\xampp\\htdocs\\Webinar\\app\\Views\\dataWebinar.php', 118)
 2 SYSTEMPATH\View\View.php(224): include('D:\\xampp\\htdocs\\Webinar\\app\\Views\\dataWebinar.php')
 3 SYSTEMPATH\View\View.php(227): CodeIgniter\View\View->CodeIgniter\View\{closure}()
 4 SYSTEMPATH\Common.php(1180): CodeIgniter\View\View->render('dataWebinar', [], true)
 5 APPPATH\Controllers\Admin.php(76): view('dataWebinar', [...])
 6 SYSTEMPATH\CodeIgniter.php(932): App\Controllers\Admin->datawebinar()
 7 SYSTEMPATH\CodeIgniter.php(497): CodeIgniter\CodeIgniter->runController(Object(App\Controllers\Admin))
 8 SYSTEMPATH\CodeIgniter.php(366): CodeIgniter\CodeIgniter->handleRequest(null, Object(Config\Cache), false)
 9 FCPATH\index.php(67): CodeIgniter\CodeIgniter->run()
10 SYSTEMPATH\Commands\Server\rewrite.php(47): require_once('D:\\xampp\\htdocs\\Webinar\\public\\index.php')
CRITICAL - 2023-07-13 04:58:55 --> Undefined property: stdClass::$deskripsi
in APPPATH\Views\dataWebinar.php on line 118.
 1 APPPATH\Views\dataWebinar.php(118): CodeIgniter\Debug\Exceptions->errorHandler(2, 'Undefined property: stdClass::$deskripsi', 'D:\\xampp\\htdocs\\Webinar\\app\\Views\\dataWebinar.php', 118)
 2 SYSTEMPATH\View\View.php(224): include('D:\\xampp\\htdocs\\Webinar\\app\\Views\\dataWebinar.php')
 3 SYSTEMPATH\View\View.php(227): CodeIgniter\View\View->CodeIgniter\View\{closure}()
 4 SYSTEMPATH\Common.php(1180): CodeIgniter\View\View->render('dataWebinar', [], true)
 5 APPPATH\Controllers\Admin.php(76): view('dataWebinar', [...])
 6 SYSTEMPATH\CodeIgniter.php(932): App\Controllers\Admin->datawebinar()
 7 SYSTEMPATH\CodeIgniter.php(497): CodeIgniter\CodeIgniter->runController(Object(App\Controllers\Admin))
 8 SYSTEMPATH\CodeIgniter.php(366): CodeIgniter\CodeIgniter->handleRequest(null, Object(Config\Cache), false)
 9 FCPATH\index.php(67): CodeIgniter\CodeIgniter->run()
10 SYSTEMPATH\Commands\Server\rewrite.php(47): require_once('D:\\xampp\\htdocs\\Webinar\\public\\index.php')
CRITICAL - 2023-07-13 04:58:56 --> Undefined property: stdClass::$deskripsi
in APPPATH\Views\dataWebinar.php on line 118.
 1 APPPATH\Views\dataWebinar.php(118): CodeIgniter\Debug\Exceptions->errorHandler(2, 'Undefined property: stdClass::$deskripsi', 'D:\\xampp\\htdocs\\Webinar\\app\\Views\\dataWebinar.php', 118)
 2 SYSTEMPATH\View\View.php(224): include('D:\\xampp\\htdocs\\Webinar\\app\\Views\\dataWebinar.php')
 3 SYSTEMPATH\View\View.php(227): CodeIgniter\View\View->CodeIgniter\View\{closure}()
 4 SYSTEMPATH\Common.php(1180): CodeIgniter\View\View->render('dataWebinar', [], true)
 5 APPPATH\Controllers\Admin.php(76): view('dataWebinar', [...])
 6 SYSTEMPATH\CodeIgniter.php(932): App\Controllers\Admin->datawebinar()
 7 SYSTEMPATH\CodeIgniter.php(497): CodeIgniter\CodeIgniter->runController(Object(App\Controllers\Admin))
 8 SYSTEMPATH\CodeIgniter.php(366): CodeIgniter\CodeIgniter->handleRequest(null, Object(Config\Cache), false)
 9 FCPATH\index.php(67): CodeIgniter\CodeIgniter->run()
10 SYSTEMPATH\Commands\Server\rewrite.php(47): require_once('D:\\xampp\\htdocs\\Webinar\\public\\index.php')
CRITICAL - 2023-07-13 04:59:51 --> Undefined property: stdClass::$deskripsi
in APPPATH\Views\dataWebinar.php on line 118.
 1 APPPATH\Views\dataWebinar.php(118): CodeIgniter\Debug\Exceptions->errorHandler(2, 'Undefined property: stdClass::$deskripsi', 'D:\\xampp\\htdocs\\Webinar\\app\\Views\\dataWebinar.php', 118)
 2 SYSTEMPATH\View\View.php(224): include('D:\\xampp\\htdocs\\Webinar\\app\\Views\\dataWebinar.php')
 3 SYSTEMPATH\View\View.php(227): CodeIgniter\View\View->CodeIgniter\View\{closure}()
 4 SYSTEMPATH\Common.php(1180): CodeIgniter\View\View->render('dataWebinar', [], true)
 5 APPPATH\Controllers\Admin.php(76): view('dataWebinar', [...])
 6 SYSTEMPATH\CodeIgniter.php(932): App\Controllers\Admin->datawebinar()
 7 SYSTEMPATH\CodeIgniter.php(497): CodeIgniter\CodeIgniter->runController(Object(App\Controllers\Admin))
 8 SYSTEMPATH\CodeIgniter.php(366): CodeIgniter\CodeIgniter->handleRequest(null, Object(Config\Cache), false)
 9 FCPATH\index.php(67): CodeIgniter\CodeIgniter->run()
10 SYSTEMPATH\Commands\Server\rewrite.php(47): require_once('D:\\xampp\\htdocs\\Webinar\\public\\index.php')
CRITICAL - 2023-07-13 04:59:52 --> Undefined property: stdClass::$deskripsi
in APPPATH\Views\dataWebinar.php on line 118.
 1 APPPATH\Views\dataWebinar.php(118): CodeIgniter\Debug\Exceptions->errorHandler(2, 'Undefined property: stdClass::$deskripsi', 'D:\\xampp\\htdocs\\Webinar\\app\\Views\\dataWebinar.php', 118)
 2 SYSTEMPATH\View\View.php(224): include('D:\\xampp\\htdocs\\Webinar\\app\\Views\\dataWebinar.php')
 3 SYSTEMPATH\View\View.php(227): CodeIgniter\View\View->CodeIgniter\View\{closure}()
 4 SYSTEMPATH\Common.php(1180): CodeIgniter\View\View->render('dataWebinar', [], true)
 5 APPPATH\Controllers\Admin.php(76): view('dataWebinar', [...])
 6 SYSTEMPATH\CodeIgniter.php(932): App\Controllers\Admin->datawebinar()
 7 SYSTEMPATH\CodeIgniter.php(497): CodeIgniter\CodeIgniter->runController(Object(App\Controllers\Admin))
 8 SYSTEMPATH\CodeIgniter.php(366): CodeIgniter\CodeIgniter->handleRequest(null, Object(Config\Cache), false)
 9 FCPATH\index.php(67): CodeIgniter\CodeIgniter->run()
10 SYSTEMPATH\Commands\Server\rewrite.php(47): require_once('D:\\xampp\\htdocs\\Webinar\\public\\index.php')
CRITICAL - 2023-07-13 04:59:53 --> Undefined property: stdClass::$deskripsi
in APPPATH\Views\dataWebinar.php on line 118.
 1 APPPATH\Views\dataWebinar.php(118): CodeIgniter\Debug\Exceptions->errorHandler(2, 'Undefined property: stdClass::$deskripsi', 'D:\\xampp\\htdocs\\Webinar\\app\\Views\\dataWebinar.php', 118)
 2 SYSTEMPATH\View\View.php(224): include('D:\\xampp\\htdocs\\Webinar\\app\\Views\\dataWebinar.php')
 3 SYSTEMPATH\View\View.php(227): CodeIgniter\View\View->CodeIgniter\View\{closure}()
 4 SYSTEMPATH\Common.php(1180): CodeIgniter\View\View->render('dataWebinar', [], true)
 5 APPPATH\Controllers\Admin.php(76): view('dataWebinar', [...])
 6 SYSTEMPATH\CodeIgniter.php(932): App\Controllers\Admin->datawebinar()
 7 SYSTEMPATH\CodeIgniter.php(497): CodeIgniter\CodeIgniter->runController(Object(App\Controllers\Admin))
 8 SYSTEMPATH\CodeIgniter.php(366): CodeIgniter\CodeIgniter->handleRequest(null, Object(Config\Cache), false)
 9 FCPATH\index.php(67): CodeIgniter\CodeIgniter->run()
10 SYSTEMPATH\Commands\Server\rewrite.php(47): require_once('D:\\xampp\\htdocs\\Webinar\\public\\index.php')
CRITICAL - 2023-07-13 04:59:53 --> Undefined property: stdClass::$deskripsi
in APPPATH\Views\dataWebinar.php on line 118.
 1 APPPATH\Views\dataWebinar.php(118): CodeIgniter\Debug\Exceptions->errorHandler(2, 'Undefined property: stdClass::$deskripsi', 'D:\\xampp\\htdocs\\Webinar\\app\\Views\\dataWebinar.php', 118)
 2 SYSTEMPATH\View\View.php(224): include('D:\\xampp\\htdocs\\Webinar\\app\\Views\\dataWebinar.php')
 3 SYSTEMPATH\View\View.php(227): CodeIgniter\View\View->CodeIgniter\View\{closure}()
 4 SYSTEMPATH\Common.php(1180): CodeIgniter\View\View->render('dataWebinar', [], true)
 5 APPPATH\Controllers\Admin.php(76): view('dataWebinar', [...])
 6 SYSTEMPATH\CodeIgniter.php(932): App\Controllers\Admin->datawebinar()
 7 SYSTEMPATH\CodeIgniter.php(497): CodeIgniter\CodeIgniter->runController(Object(App\Controllers\Admin))
 8 SYSTEMPATH\CodeIgniter.php(366): CodeIgniter\CodeIgniter->handleRequest(null, Object(Config\Cache), false)
 9 FCPATH\index.php(67): CodeIgniter\CodeIgniter->run()
10 SYSTEMPATH\Commands\Server\rewrite.php(47): require_once('D:\\xampp\\htdocs\\Webinar\\public\\index.php')
CRITICAL - 2023-07-13 04:59:53 --> Undefined property: stdClass::$deskripsi
in APPPATH\Views\dataWebinar.php on line 118.
 1 APPPATH\Views\dataWebinar.php(118): CodeIgniter\Debug\Exceptions->errorHandler(2, 'Undefined property: stdClass::$deskripsi', 'D:\\xampp\\htdocs\\Webinar\\app\\Views\\dataWebinar.php', 118)
 2 SYSTEMPATH\View\View.php(224): include('D:\\xampp\\htdocs\\Webinar\\app\\Views\\dataWebinar.php')
 3 SYSTEMPATH\View\View.php(227): CodeIgniter\View\View->CodeIgniter\View\{closure}()
 4 SYSTEMPATH\Common.php(1180): CodeIgniter\View\View->render('dataWebinar', [], true)
 5 APPPATH\Controllers\Admin.php(76): view('dataWebinar', [...])
 6 SYSTEMPATH\CodeIgniter.php(932): App\Controllers\Admin->datawebinar()
 7 SYSTEMPATH\CodeIgniter.php(497): CodeIgniter\CodeIgniter->runController(Object(App\Controllers\Admin))
 8 SYSTEMPATH\CodeIgniter.php(366): CodeIgniter\CodeIgniter->handleRequest(null, Object(Config\Cache), false)
 9 FCPATH\index.php(67): CodeIgniter\CodeIgniter->run()
10 SYSTEMPATH\Commands\Server\rewrite.php(47): require_once('D:\\xampp\\htdocs\\Webinar\\public\\index.php')
CRITICAL - 2023-07-13 04:59:53 --> Undefined property: stdClass::$deskripsi
in APPPATH\Views\dataWebinar.php on line 118.
 1 APPPATH\Views\dataWebinar.php(118): CodeIgniter\Debug\Exceptions->errorHandler(2, 'Undefined property: stdClass::$deskripsi', 'D:\\xampp\\htdocs\\Webinar\\app\\Views\\dataWebinar.php', 118)
 2 SYSTEMPATH\View\View.php(224): include('D:\\xampp\\htdocs\\Webinar\\app\\Views\\dataWebinar.php')
 3 SYSTEMPATH\View\View.php(227): CodeIgniter\View\View->CodeIgniter\View\{closure}()
 4 SYSTEMPATH\Common.php(1180): CodeIgniter\View\View->render('dataWebinar', [], true)
 5 APPPATH\Controllers\Admin.php(76): view('dataWebinar', [...])
 6 SYSTEMPATH\CodeIgniter.php(932): App\Controllers\Admin->datawebinar()
 7 SYSTEMPATH\CodeIgniter.php(497): CodeIgniter\CodeIgniter->runController(Object(App\Controllers\Admin))
 8 SYSTEMPATH\CodeIgniter.php(366): CodeIgniter\CodeIgniter->handleRequest(null, Object(Config\Cache), false)
 9 FCPATH\index.php(67): CodeIgniter\CodeIgniter->run()
10 SYSTEMPATH\Commands\Server\rewrite.php(47): require_once('D:\\xampp\\htdocs\\Webinar\\public\\index.php')
CRITICAL - 2023-07-13 04:59:53 --> Undefined property: stdClass::$deskripsi
in APPPATH\Views\dataWebinar.php on line 118.
 1 APPPATH\Views\dataWebinar.php(118): CodeIgniter\Debug\Exceptions->errorHandler(2, 'Undefined property: stdClass::$deskripsi', 'D:\\xampp\\htdocs\\Webinar\\app\\Views\\dataWebinar.php', 118)
 2 SYSTEMPATH\View\View.php(224): include('D:\\xampp\\htdocs\\Webinar\\app\\Views\\dataWebinar.php')
 3 SYSTEMPATH\View\View.php(227): CodeIgniter\View\View->CodeIgniter\View\{closure}()
 4 SYSTEMPATH\Common.php(1180): CodeIgniter\View\View->render('dataWebinar', [], true)
 5 APPPATH\Controllers\Admin.php(76): view('dataWebinar', [...])
 6 SYSTEMPATH\CodeIgniter.php(932): App\Controllers\Admin->datawebinar()
 7 SYSTEMPATH\CodeIgniter.php(497): CodeIgniter\CodeIgniter->runController(Object(App\Controllers\Admin))
 8 SYSTEMPATH\CodeIgniter.php(366): CodeIgniter\CodeIgniter->handleRequest(null, Object(Config\Cache), false)
 9 FCPATH\index.php(67): CodeIgniter\CodeIgniter->run()
10 SYSTEMPATH\Commands\Server\rewrite.php(47): require_once('D:\\xampp\\htdocs\\Webinar\\public\\index.php')
CRITICAL - 2023-07-13 04:59:54 --> Undefined property: stdClass::$deskripsi
in APPPATH\Views\dataWebinar.php on line 118.
 1 APPPATH\Views\dataWebinar.php(118): CodeIgniter\Debug\Exceptions->errorHandler(2, 'Undefined property: stdClass::$deskripsi', 'D:\\xampp\\htdocs\\Webinar\\app\\Views\\dataWebinar.php', 118)
 2 SYSTEMPATH\View\View.php(224): include('D:\\xampp\\htdocs\\Webinar\\app\\Views\\dataWebinar.php')
 3 SYSTEMPATH\View\View.php(227): CodeIgniter\View\View->CodeIgniter\View\{closure}()
 4 SYSTEMPATH\Common.php(1180): CodeIgniter\View\View->render('dataWebinar', [], true)
 5 APPPATH\Controllers\Admin.php(76): view('dataWebinar', [...])
 6 SYSTEMPATH\CodeIgniter.php(932): App\Controllers\Admin->datawebinar()
 7 SYSTEMPATH\CodeIgniter.php(497): CodeIgniter\CodeIgniter->runController(Object(App\Controllers\Admin))
 8 SYSTEMPATH\CodeIgniter.php(366): CodeIgniter\CodeIgniter->handleRequest(null, Object(Config\Cache), false)
 9 FCPATH\index.php(67): CodeIgniter\CodeIgniter->run()
10 SYSTEMPATH\Commands\Server\rewrite.php(47): require_once('D:\\xampp\\htdocs\\Webinar\\public\\index.php')
CRITICAL - 2023-07-13 04:59:54 --> Undefined property: stdClass::$deskripsi
in APPPATH\Views\dataWebinar.php on line 118.
 1 APPPATH\Views\dataWebinar.php(118): CodeIgniter\Debug\Exceptions->errorHandler(2, 'Undefined property: stdClass::$deskripsi', 'D:\\xampp\\htdocs\\Webinar\\app\\Views\\dataWebinar.php', 118)
 2 SYSTEMPATH\View\View.php(224): include('D:\\xampp\\htdocs\\Webinar\\app\\Views\\dataWebinar.php')
 3 SYSTEMPATH\View\View.php(227): CodeIgniter\View\View->CodeIgniter\View\{closure}()
 4 SYSTEMPATH\Common.php(1180): CodeIgniter\View\View->render('dataWebinar', [], true)
 5 APPPATH\Controllers\Admin.php(76): view('dataWebinar', [...])
 6 SYSTEMPATH\CodeIgniter.php(932): App\Controllers\Admin->datawebinar()
 7 SYSTEMPATH\CodeIgniter.php(497): CodeIgniter\CodeIgniter->runController(Object(App\Controllers\Admin))
 8 SYSTEMPATH\CodeIgniter.php(366): CodeIgniter\CodeIgniter->handleRequest(null, Object(Config\Cache), false)
 9 FCPATH\index.php(67): CodeIgniter\CodeIgniter->run()
10 SYSTEMPATH\Commands\Server\rewrite.php(47): require_once('D:\\xampp\\htdocs\\Webinar\\public\\index.php')
CRITICAL - 2023-07-13 04:59:54 --> Undefined property: stdClass::$deskripsi
in APPPATH\Views\dataWebinar.php on line 118.
 1 APPPATH\Views\dataWebinar.php(118): CodeIgniter\Debug\Exceptions->errorHandler(2, 'Undefined property: stdClass::$deskripsi', 'D:\\xampp\\htdocs\\Webinar\\app\\Views\\dataWebinar.php', 118)
 2 SYSTEMPATH\View\View.php(224): include('D:\\xampp\\htdocs\\Webinar\\app\\Views\\dataWebinar.php')
 3 SYSTEMPATH\View\View.php(227): CodeIgniter\View\View->CodeIgniter\View\{closure}()
 4 SYSTEMPATH\Common.php(1180): CodeIgniter\View\View->render('dataWebinar', [], true)
 5 APPPATH\Controllers\Admin.php(76): view('dataWebinar', [...])
 6 SYSTEMPATH\CodeIgniter.php(932): App\Controllers\Admin->datawebinar()
 7 SYSTEMPATH\CodeIgniter.php(497): CodeIgniter\CodeIgniter->runController(Object(App\Controllers\Admin))
 8 SYSTEMPATH\CodeIgniter.php(366): CodeIgniter\CodeIgniter->handleRequest(null, Object(Config\Cache), false)
 9 FCPATH\index.php(67): CodeIgniter\CodeIgniter->run()
10 SYSTEMPATH\Commands\Server\rewrite.php(47): require_once('D:\\xampp\\htdocs\\Webinar\\public\\index.php')
CRITICAL - 2023-07-13 04:59:54 --> Undefined property: stdClass::$deskripsi
in APPPATH\Views\dataWebinar.php on line 118.
 1 APPPATH\Views\dataWebinar.php(118): CodeIgniter\Debug\Exceptions->errorHandler(2, 'Undefined property: stdClass::$deskripsi', 'D:\\xampp\\htdocs\\Webinar\\app\\Views\\dataWebinar.php', 118)
 2 SYSTEMPATH\View\View.php(224): include('D:\\xampp\\htdocs\\Webinar\\app\\Views\\dataWebinar.php')
 3 SYSTEMPATH\View\View.php(227): CodeIgniter\View\View->CodeIgniter\View\{closure}()
 4 SYSTEMPATH\Common.php(1180): CodeIgniter\View\View->render('dataWebinar', [], true)
 5 APPPATH\Controllers\Admin.php(76): view('dataWebinar', [...])
 6 SYSTEMPATH\CodeIgniter.php(932): App\Controllers\Admin->datawebinar()
 7 SYSTEMPATH\CodeIgniter.php(497): CodeIgniter\CodeIgniter->runController(Object(App\Controllers\Admin))
 8 SYSTEMPATH\CodeIgniter.php(366): CodeIgniter\CodeIgniter->handleRequest(null, Object(Config\Cache), false)
 9 FCPATH\index.php(67): CodeIgniter\CodeIgniter->run()
10 SYSTEMPATH\Commands\Server\rewrite.php(47): require_once('D:\\xampp\\htdocs\\Webinar\\public\\index.php')
CRITICAL - 2023-07-13 04:59:54 --> Undefined property: stdClass::$deskripsi
in APPPATH\Views\dataWebinar.php on line 118.
 1 APPPATH\Views\dataWebinar.php(118): CodeIgniter\Debug\Exceptions->errorHandler(2, 'Undefined property: stdClass::$deskripsi', 'D:\\xampp\\htdocs\\Webinar\\app\\Views\\dataWebinar.php', 118)
 2 SYSTEMPATH\View\View.php(224): include('D:\\xampp\\htdocs\\Webinar\\app\\Views\\dataWebinar.php')
 3 SYSTEMPATH\View\View.php(227): CodeIgniter\View\View->CodeIgniter\View\{closure}()
 4 SYSTEMPATH\Common.php(1180): CodeIgniter\View\View->render('dataWebinar', [], true)
 5 APPPATH\Controllers\Admin.php(76): view('dataWebinar', [...])
 6 SYSTEMPATH\CodeIgniter.php(932): App\Controllers\Admin->datawebinar()
 7 SYSTEMPATH\CodeIgniter.php(497): CodeIgniter\CodeIgniter->runController(Object(App\Controllers\Admin))
 8 SYSTEMPATH\CodeIgniter.php(366): CodeIgniter\CodeIgniter->handleRequest(null, Object(Config\Cache), false)
 9 FCPATH\index.php(67): CodeIgniter\CodeIgniter->run()
10 SYSTEMPATH\Commands\Server\rewrite.php(47): require_once('D:\\xampp\\htdocs\\Webinar\\public\\index.php')
CRITICAL - 2023-07-13 04:59:54 --> Undefined property: stdClass::$deskripsi
in APPPATH\Views\dataWebinar.php on line 118.
 1 APPPATH\Views\dataWebinar.php(118): CodeIgniter\Debug\Exceptions->errorHandler(2, 'Undefined property: stdClass::$deskripsi', 'D:\\xampp\\htdocs\\Webinar\\app\\Views\\dataWebinar.php', 118)
 2 SYSTEMPATH\View\View.php(224): include('D:\\xampp\\htdocs\\Webinar\\app\\Views\\dataWebinar.php')
 3 SYSTEMPATH\View\View.php(227): CodeIgniter\View\View->CodeIgniter\View\{closure}()
 4 SYSTEMPATH\Common.php(1180): CodeIgniter\View\View->render('dataWebinar', [], true)
 5 APPPATH\Controllers\Admin.php(76): view('dataWebinar', [...])
 6 SYSTEMPATH\CodeIgniter.php(932): App\Controllers\Admin->datawebinar()
 7 SYSTEMPATH\CodeIgniter.php(497): CodeIgniter\CodeIgniter->runController(Object(App\Controllers\Admin))
 8 SYSTEMPATH\CodeIgniter.php(366): CodeIgniter\CodeIgniter->handleRequest(null, Object(Config\Cache), false)
 9 FCPATH\index.php(67): CodeIgniter\CodeIgniter->run()
10 SYSTEMPATH\Commands\Server\rewrite.php(47): require_once('D:\\xampp\\htdocs\\Webinar\\public\\index.php')
CRITICAL - 2023-07-13 04:59:55 --> Undefined property: stdClass::$deskripsi
in APPPATH\Views\dataWebinar.php on line 118.
 1 APPPATH\Views\dataWebinar.php(118): CodeIgniter\Debug\Exceptions->errorHandler(2, 'Undefined property: stdClass::$deskripsi', 'D:\\xampp\\htdocs\\Webinar\\app\\Views\\dataWebinar.php', 118)
 2 SYSTEMPATH\View\View.php(224): include('D:\\xampp\\htdocs\\Webinar\\app\\Views\\dataWebinar.php')
 3 SYSTEMPATH\View\View.php(227): CodeIgniter\View\View->CodeIgniter\View\{closure}()
 4 SYSTEMPATH\Common.php(1180): CodeIgniter\View\View->render('dataWebinar', [], true)
 5 APPPATH\Controllers\Admin.php(76): view('dataWebinar', [...])
 6 SYSTEMPATH\CodeIgniter.php(932): App\Controllers\Admin->datawebinar()
 7 SYSTEMPATH\CodeIgniter.php(497): CodeIgniter\CodeIgniter->runController(Object(App\Controllers\Admin))
 8 SYSTEMPATH\CodeIgniter.php(366): CodeIgniter\CodeIgniter->handleRequest(null, Object(Config\Cache), false)
 9 FCPATH\index.php(67): CodeIgniter\CodeIgniter->run()
10 SYSTEMPATH\Commands\Server\rewrite.php(47): require_once('D:\\xampp\\htdocs\\Webinar\\public\\index.php')
CRITICAL - 2023-07-13 04:59:55 --> Undefined property: stdClass::$deskripsi
in APPPATH\Views\dataWebinar.php on line 118.
 1 APPPATH\Views\dataWebinar.php(118): CodeIgniter\Debug\Exceptions->errorHandler(2, 'Undefined property: stdClass::$deskripsi', 'D:\\xampp\\htdocs\\Webinar\\app\\Views\\dataWebinar.php', 118)
 2 SYSTEMPATH\View\View.php(224): include('D:\\xampp\\htdocs\\Webinar\\app\\Views\\dataWebinar.php')
 3 SYSTEMPATH\View\View.php(227): CodeIgniter\View\View->CodeIgniter\View\{closure}()
 4 SYSTEMPATH\Common.php(1180): CodeIgniter\View\View->render('dataWebinar', [], true)
 5 APPPATH\Controllers\Admin.php(76): view('dataWebinar', [...])
 6 SYSTEMPATH\CodeIgniter.php(932): App\Controllers\Admin->datawebinar()
 7 SYSTEMPATH\CodeIgniter.php(497): CodeIgniter\CodeIgniter->runController(Object(App\Controllers\Admin))
 8 SYSTEMPATH\CodeIgniter.php(366): CodeIgniter\CodeIgniter->handleRequest(null, Object(Config\Cache), false)
 9 FCPATH\index.php(67): CodeIgniter\CodeIgniter->run()
10 SYSTEMPATH\Commands\Server\rewrite.php(47): require_once('D:\\xampp\\htdocs\\Webinar\\public\\index.php')
CRITICAL - 2023-07-13 04:59:55 --> Undefined property: stdClass::$deskripsi
in APPPATH\Views\dataWebinar.php on line 118.
 1 APPPATH\Views\dataWebinar.php(118): CodeIgniter\Debug\Exceptions->errorHandler(2, 'Undefined property: stdClass::$deskripsi', 'D:\\xampp\\htdocs\\Webinar\\app\\Views\\dataWebinar.php', 118)
 2 SYSTEMPATH\View\View.php(224): include('D:\\xampp\\htdocs\\Webinar\\app\\Views\\dataWebinar.php')
 3 SYSTEMPATH\View\View.php(227): CodeIgniter\View\View->CodeIgniter\View\{closure}()
 4 SYSTEMPATH\Common.php(1180): CodeIgniter\View\View->render('dataWebinar', [], true)
 5 APPPATH\Controllers\Admin.php(76): view('dataWebinar', [...])
 6 SYSTEMPATH\CodeIgniter.php(932): App\Controllers\Admin->datawebinar()
 7 SYSTEMPATH\CodeIgniter.php(497): CodeIgniter\CodeIgniter->runController(Object(App\Controllers\Admin))
 8 SYSTEMPATH\CodeIgniter.php(366): CodeIgniter\CodeIgniter->handleRequest(null, Object(Config\Cache), false)
 9 FCPATH\index.php(67): CodeIgniter\CodeIgniter->run()
10 SYSTEMPATH\Commands\Server\rewrite.php(47): require_once('D:\\xampp\\htdocs\\Webinar\\public\\index.php')
CRITICAL - 2023-07-13 05:02:49 --> Undefined property: stdClass::$deskripsi
in APPPATH\Views\dataWebinar.php on line 118.
 1 APPPATH\Views\dataWebinar.php(118): CodeIgniter\Debug\Exceptions->errorHandler(2, 'Undefined property: stdClass::$deskripsi', 'D:\\xampp\\htdocs\\Webinar\\app\\Views\\dataWebinar.php', 118)
 2 SYSTEMPATH\View\View.php(224): include('D:\\xampp\\htdocs\\Webinar\\app\\Views\\dataWebinar.php')
 3 SYSTEMPATH\View\View.php(227): CodeIgniter\View\View->CodeIgniter\View\{closure}()
 4 SYSTEMPATH\Common.php(1180): CodeIgniter\View\View->render('dataWebinar', [], true)
 5 APPPATH\Controllers\Admin.php(76): view('dataWebinar', [...])
 6 SYSTEMPATH\CodeIgniter.php(932): App\Controllers\Admin->datawebinar()
 7 SYSTEMPATH\CodeIgniter.php(497): CodeIgniter\CodeIgniter->runController(Object(App\Controllers\Admin))
 8 SYSTEMPATH\CodeIgniter.php(366): CodeIgniter\CodeIgniter->handleRequest(null, Object(Config\Cache), false)
 9 FCPATH\index.php(67): CodeIgniter\CodeIgniter->run()
10 SYSTEMPATH\Commands\Server\rewrite.php(47): require_once('D:\\xampp\\htdocs\\Webinar\\public\\index.php')
CRITICAL - 2023-07-13 05:02:50 --> Undefined property: stdClass::$deskripsi
in APPPATH\Views\dataWebinar.php on line 118.
 1 APPPATH\Views\dataWebinar.php(118): CodeIgniter\Debug\Exceptions->errorHandler(2, 'Undefined property: stdClass::$deskripsi', 'D:\\xampp\\htdocs\\Webinar\\app\\Views\\dataWebinar.php', 118)
 2 SYSTEMPATH\View\View.php(224): include('D:\\xampp\\htdocs\\Webinar\\app\\Views\\dataWebinar.php')
 3 SYSTEMPATH\View\View.php(227): CodeIgniter\View\View->CodeIgniter\View\{closure}()
 4 SYSTEMPATH\Common.php(1180): CodeIgniter\View\View->render('dataWebinar', [], true)
 5 APPPATH\Controllers\Admin.php(76): view('dataWebinar', [...])
 6 SYSTEMPATH\CodeIgniter.php(932): App\Controllers\Admin->datawebinar()
 7 SYSTEMPATH\CodeIgniter.php(497): CodeIgniter\CodeIgniter->runController(Object(App\Controllers\Admin))
 8 SYSTEMPATH\CodeIgniter.php(366): CodeIgniter\CodeIgniter->handleRequest(null, Object(Config\Cache), false)
 9 FCPATH\index.php(67): CodeIgniter\CodeIgniter->run()
10 SYSTEMPATH\Commands\Server\rewrite.php(47): require_once('D:\\xampp\\htdocs\\Webinar\\public\\index.php')
CRITICAL - 2023-07-13 05:02:50 --> Undefined property: stdClass::$deskripsi
in APPPATH\Views\dataWebinar.php on line 118.
 1 APPPATH\Views\dataWebinar.php(118): CodeIgniter\Debug\Exceptions->errorHandler(2, 'Undefined property: stdClass::$deskripsi', 'D:\\xampp\\htdocs\\Webinar\\app\\Views\\dataWebinar.php', 118)
 2 SYSTEMPATH\View\View.php(224): include('D:\\xampp\\htdocs\\Webinar\\app\\Views\\dataWebinar.php')
 3 SYSTEMPATH\View\View.php(227): CodeIgniter\View\View->CodeIgniter\View\{closure}()
 4 SYSTEMPATH\Common.php(1180): CodeIgniter\View\View->render('dataWebinar', [], true)
 5 APPPATH\Controllers\Admin.php(76): view('dataWebinar', [...])
 6 SYSTEMPATH\CodeIgniter.php(932): App\Controllers\Admin->datawebinar()
 7 SYSTEMPATH\CodeIgniter.php(497): CodeIgniter\CodeIgniter->runController(Object(App\Controllers\Admin))
 8 SYSTEMPATH\CodeIgniter.php(366): CodeIgniter\CodeIgniter->handleRequest(null, Object(Config\Cache), false)
 9 FCPATH\index.php(67): CodeIgniter\CodeIgniter->run()
10 SYSTEMPATH\Commands\Server\rewrite.php(47): require_once('D:\\xampp\\htdocs\\Webinar\\public\\index.php')
CRITICAL - 2023-07-13 05:02:50 --> Undefined property: stdClass::$deskripsi
in APPPATH\Views\dataWebinar.php on line 118.
 1 APPPATH\Views\dataWebinar.php(118): CodeIgniter\Debug\Exceptions->errorHandler(2, 'Undefined property: stdClass::$deskripsi', 'D:\\xampp\\htdocs\\Webinar\\app\\Views\\dataWebinar.php', 118)
 2 SYSTEMPATH\View\View.php(224): include('D:\\xampp\\htdocs\\Webinar\\app\\Views\\dataWebinar.php')
 3 SYSTEMPATH\View\View.php(227): CodeIgniter\View\View->CodeIgniter\View\{closure}()
 4 SYSTEMPATH\Common.php(1180): CodeIgniter\View\View->render('dataWebinar', [], true)
 5 APPPATH\Controllers\Admin.php(76): view('dataWebinar', [...])
 6 SYSTEMPATH\CodeIgniter.php(932): App\Controllers\Admin->datawebinar()
 7 SYSTEMPATH\CodeIgniter.php(497): CodeIgniter\CodeIgniter->runController(Object(App\Controllers\Admin))
 8 SYSTEMPATH\CodeIgniter.php(366): CodeIgniter\CodeIgniter->handleRequest(null, Object(Config\Cache), false)
 9 FCPATH\index.php(67): CodeIgniter\CodeIgniter->run()
10 SYSTEMPATH\Commands\Server\rewrite.php(47): require_once('D:\\xampp\\htdocs\\Webinar\\public\\index.php')
CRITICAL - 2023-07-13 05:02:50 --> Undefined property: stdClass::$deskripsi
in APPPATH\Views\dataWebinar.php on line 118.
 1 APPPATH\Views\dataWebinar.php(118): CodeIgniter\Debug\Exceptions->errorHandler(2, 'Undefined property: stdClass::$deskripsi', 'D:\\xampp\\htdocs\\Webinar\\app\\Views\\dataWebinar.php', 118)
 2 SYSTEMPATH\View\View.php(224): include('D:\\xampp\\htdocs\\Webinar\\app\\Views\\dataWebinar.php')
 3 SYSTEMPATH\View\View.php(227): CodeIgniter\View\View->CodeIgniter\View\{closure}()
 4 SYSTEMPATH\Common.php(1180): CodeIgniter\View\View->render('dataWebinar', [], true)
 5 APPPATH\Controllers\Admin.php(76): view('dataWebinar', [...])
 6 SYSTEMPATH\CodeIgniter.php(932): App\Controllers\Admin->datawebinar()
 7 SYSTEMPATH\CodeIgniter.php(497): CodeIgniter\CodeIgniter->runController(Object(App\Controllers\Admin))
 8 SYSTEMPATH\CodeIgniter.php(366): CodeIgniter\CodeIgniter->handleRequest(null, Object(Config\Cache), false)
 9 FCPATH\index.php(67): CodeIgniter\CodeIgniter->run()
10 SYSTEMPATH\Commands\Server\rewrite.php(47): require_once('D:\\xampp\\htdocs\\Webinar\\public\\index.php')
CRITICAL - 2023-07-13 05:02:51 --> Undefined property: stdClass::$deskripsi
in APPPATH\Views\dataWebinar.php on line 118.
 1 APPPATH\Views\dataWebinar.php(118): CodeIgniter\Debug\Exceptions->errorHandler(2, 'Undefined property: stdClass::$deskripsi', 'D:\\xampp\\htdocs\\Webinar\\app\\Views\\dataWebinar.php', 118)
 2 SYSTEMPATH\View\View.php(224): include('D:\\xampp\\htdocs\\Webinar\\app\\Views\\dataWebinar.php')
 3 SYSTEMPATH\View\View.php(227): CodeIgniter\View\View->CodeIgniter\View\{closure}()
 4 SYSTEMPATH\Common.php(1180): CodeIgniter\View\View->render('dataWebinar', [], true)
 5 APPPATH\Controllers\Admin.php(76): view('dataWebinar', [...])
 6 SYSTEMPATH\CodeIgniter.php(932): App\Controllers\Admin->datawebinar()
 7 SYSTEMPATH\CodeIgniter.php(497): CodeIgniter\CodeIgniter->runController(Object(App\Controllers\Admin))
 8 SYSTEMPATH\CodeIgniter.php(366): CodeIgniter\CodeIgniter->handleRequest(null, Object(Config\Cache), false)
 9 FCPATH\index.php(67): CodeIgniter\CodeIgniter->run()
10 SYSTEMPATH\Commands\Server\rewrite.php(47): require_once('D:\\xampp\\htdocs\\Webinar\\public\\index.php')
CRITICAL - 2023-07-13 05:02:51 --> Undefined property: stdClass::$deskripsi
in APPPATH\Views\dataWebinar.php on line 118.
 1 APPPATH\Views\dataWebinar.php(118): CodeIgniter\Debug\Exceptions->errorHandler(2, 'Undefined property: stdClass::$deskripsi', 'D:\\xampp\\htdocs\\Webinar\\app\\Views\\dataWebinar.php', 118)
 2 SYSTEMPATH\View\View.php(224): include('D:\\xampp\\htdocs\\Webinar\\app\\Views\\dataWebinar.php')
 3 SYSTEMPATH\View\View.php(227): CodeIgniter\View\View->CodeIgniter\View\{closure}()
 4 SYSTEMPATH\Common.php(1180): CodeIgniter\View\View->render('dataWebinar', [], true)
 5 APPPATH\Controllers\Admin.php(76): view('dataWebinar', [...])
 6 SYSTEMPATH\CodeIgniter.php(932): App\Controllers\Admin->datawebinar()
 7 SYSTEMPATH\CodeIgniter.php(497): CodeIgniter\CodeIgniter->runController(Object(App\Controllers\Admin))
 8 SYSTEMPATH\CodeIgniter.php(366): CodeIgniter\CodeIgniter->handleRequest(null, Object(Config\Cache), false)
 9 FCPATH\index.php(67): CodeIgniter\CodeIgniter->run()
10 SYSTEMPATH\Commands\Server\rewrite.php(47): require_once('D:\\xampp\\htdocs\\Webinar\\public\\index.php')
CRITICAL - 2023-07-13 05:02:51 --> Undefined property: stdClass::$deskripsi
in APPPATH\Views\dataWebinar.php on line 118.
 1 APPPATH\Views\dataWebinar.php(118): CodeIgniter\Debug\Exceptions->errorHandler(2, 'Undefined property: stdClass::$deskripsi', 'D:\\xampp\\htdocs\\Webinar\\app\\Views\\dataWebinar.php', 118)
 2 SYSTEMPATH\View\View.php(224): include('D:\\xampp\\htdocs\\Webinar\\app\\Views\\dataWebinar.php')
 3 SYSTEMPATH\View\View.php(227): CodeIgniter\View\View->CodeIgniter\View\{closure}()
 4 SYSTEMPATH\Common.php(1180): CodeIgniter\View\View->render('dataWebinar', [], true)
 5 APPPATH\Controllers\Admin.php(76): view('dataWebinar', [...])
 6 SYSTEMPATH\CodeIgniter.php(932): App\Controllers\Admin->datawebinar()
 7 SYSTEMPATH\CodeIgniter.php(497): CodeIgniter\CodeIgniter->runController(Object(App\Controllers\Admin))
 8 SYSTEMPATH\CodeIgniter.php(366): CodeIgniter\CodeIgniter->handleRequest(null, Object(Config\Cache), false)
 9 FCPATH\index.php(67): CodeIgniter\CodeIgniter->run()
10 SYSTEMPATH\Commands\Server\rewrite.php(47): require_once('D:\\xampp\\htdocs\\Webinar\\public\\index.php')
CRITICAL - 2023-07-13 05:02:52 --> Undefined property: stdClass::$deskripsi
in APPPATH\Views\dataWebinar.php on line 118.
 1 APPPATH\Views\dataWebinar.php(118): CodeIgniter\Debug\Exceptions->errorHandler(2, 'Undefined property: stdClass::$deskripsi', 'D:\\xampp\\htdocs\\Webinar\\app\\Views\\dataWebinar.php', 118)
 2 SYSTEMPATH\View\View.php(224): include('D:\\xampp\\htdocs\\Webinar\\app\\Views\\dataWebinar.php')
 3 SYSTEMPATH\View\View.php(227): CodeIgniter\View\View->CodeIgniter\View\{closure}()
 4 SYSTEMPATH\Common.php(1180): CodeIgniter\View\View->render('dataWebinar', [], true)
 5 APPPATH\Controllers\Admin.php(76): view('dataWebinar', [...])
 6 SYSTEMPATH\CodeIgniter.php(932): App\Controllers\Admin->datawebinar()
 7 SYSTEMPATH\CodeIgniter.php(497): CodeIgniter\CodeIgniter->runController(Object(App\Controllers\Admin))
 8 SYSTEMPATH\CodeIgniter.php(366): CodeIgniter\CodeIgniter->handleRequest(null, Object(Config\Cache), false)
 9 FCPATH\index.php(67): CodeIgniter\CodeIgniter->run()
10 SYSTEMPATH\Commands\Server\rewrite.php(47): require_once('D:\\xampp\\htdocs\\Webinar\\public\\index.php')
CRITICAL - 2023-07-13 05:02:52 --> Undefined property: stdClass::$deskripsi
in APPPATH\Views\dataWebinar.php on line 118.
 1 APPPATH\Views\dataWebinar.php(118): CodeIgniter\Debug\Exceptions->errorHandler(2, 'Undefined property: stdClass::$deskripsi', 'D:\\xampp\\htdocs\\Webinar\\app\\Views\\dataWebinar.php', 118)
 2 SYSTEMPATH\View\View.php(224): include('D:\\xampp\\htdocs\\Webinar\\app\\Views\\dataWebinar.php')
 3 SYSTEMPATH\View\View.php(227): CodeIgniter\View\View->CodeIgniter\View\{closure}()
 4 SYSTEMPATH\Common.php(1180): CodeIgniter\View\View->render('dataWebinar', [], true)
 5 APPPATH\Controllers\Admin.php(76): view('dataWebinar', [...])
 6 SYSTEMPATH\CodeIgniter.php(932): App\Controllers\Admin->datawebinar()
 7 SYSTEMPATH\CodeIgniter.php(497): CodeIgniter\CodeIgniter->runController(Object(App\Controllers\Admin))
 8 SYSTEMPATH\CodeIgniter.php(366): CodeIgniter\CodeIgniter->handleRequest(null, Object(Config\Cache), false)
 9 FCPATH\index.php(67): CodeIgniter\CodeIgniter->run()
10 SYSTEMPATH\Commands\Server\rewrite.php(47): require_once('D:\\xampp\\htdocs\\Webinar\\public\\index.php')
CRITICAL - 2023-07-13 05:02:52 --> Undefined property: stdClass::$deskripsi
in APPPATH\Views\dataWebinar.php on line 118.
 1 APPPATH\Views\dataWebinar.php(118): CodeIgniter\Debug\Exceptions->errorHandler(2, 'Undefined property: stdClass::$deskripsi', 'D:\\xampp\\htdocs\\Webinar\\app\\Views\\dataWebinar.php', 118)
 2 SYSTEMPATH\View\View.php(224): include('D:\\xampp\\htdocs\\Webinar\\app\\Views\\dataWebinar.php')
 3 SYSTEMPATH\View\View.php(227): CodeIgniter\View\View->CodeIgniter\View\{closure}()
 4 SYSTEMPATH\Common.php(1180): CodeIgniter\View\View->render('dataWebinar', [], true)
 5 APPPATH\Controllers\Admin.php(76): view('dataWebinar', [...])
 6 SYSTEMPATH\CodeIgniter.php(932): App\Controllers\Admin->datawebinar()
 7 SYSTEMPATH\CodeIgniter.php(497): CodeIgniter\CodeIgniter->runController(Object(App\Controllers\Admin))
 8 SYSTEMPATH\CodeIgniter.php(366): CodeIgniter\CodeIgniter->handleRequest(null, Object(Config\Cache), false)
 9 FCPATH\index.php(67): CodeIgniter\CodeIgniter->run()
10 SYSTEMPATH\Commands\Server\rewrite.php(47): require_once('D:\\xampp\\htdocs\\Webinar\\public\\index.php')
CRITICAL - 2023-07-13 05:02:52 --> Undefined property: stdClass::$deskripsi
in APPPATH\Views\dataWebinar.php on line 118.
 1 APPPATH\Views\dataWebinar.php(118): CodeIgniter\Debug\Exceptions->errorHandler(2, 'Undefined property: stdClass::$deskripsi', 'D:\\xampp\\htdocs\\Webinar\\app\\Views\\dataWebinar.php', 118)
 2 SYSTEMPATH\View\View.php(224): include('D:\\xampp\\htdocs\\Webinar\\app\\Views\\dataWebinar.php')
 3 SYSTEMPATH\View\View.php(227): CodeIgniter\View\View->CodeIgniter\View\{closure}()
 4 SYSTEMPATH\Common.php(1180): CodeIgniter\View\View->render('dataWebinar', [], true)
 5 APPPATH\Controllers\Admin.php(76): view('dataWebinar', [...])
 6 SYSTEMPATH\CodeIgniter.php(932): App\Controllers\Admin->datawebinar()
 7 SYSTEMPATH\CodeIgniter.php(497): CodeIgniter\CodeIgniter->runController(Object(App\Controllers\Admin))
 8 SYSTEMPATH\CodeIgniter.php(366): CodeIgniter\CodeIgniter->handleRequest(null, Object(Config\Cache), false)
 9 FCPATH\index.php(67): CodeIgniter\CodeIgniter->run()
10 SYSTEMPATH\Commands\Server\rewrite.php(47): require_once('D:\\xampp\\htdocs\\Webinar\\public\\index.php')
CRITICAL - 2023-07-13 05:02:53 --> Undefined property: stdClass::$deskripsi
in APPPATH\Views\dataWebinar.php on line 118.
 1 APPPATH\Views\dataWebinar.php(118): CodeIgniter\Debug\Exceptions->errorHandler(2, 'Undefined property: stdClass::$deskripsi', 'D:\\xampp\\htdocs\\Webinar\\app\\Views\\dataWebinar.php', 118)
 2 SYSTEMPATH\View\View.php(224): include('D:\\xampp\\htdocs\\Webinar\\app\\Views\\dataWebinar.php')
 3 SYSTEMPATH\View\View.php(227): CodeIgniter\View\View->CodeIgniter\View\{closure}()
 4 SYSTEMPATH\Common.php(1180): CodeIgniter\View\View->render('dataWebinar', [], true)
 5 APPPATH\Controllers\Admin.php(76): view('dataWebinar', [...])
 6 SYSTEMPATH\CodeIgniter.php(932): App\Controllers\Admin->datawebinar()
 7 SYSTEMPATH\CodeIgniter.php(497): CodeIgniter\CodeIgniter->runController(Object(App\Controllers\Admin))
 8 SYSTEMPATH\CodeIgniter.php(366): CodeIgniter\CodeIgniter->handleRequest(null, Object(Config\Cache), false)
 9 FCPATH\index.php(67): CodeIgniter\CodeIgniter->run()
10 SYSTEMPATH\Commands\Server\rewrite.php(47): require_once('D:\\xampp\\htdocs\\Webinar\\public\\index.php')
CRITICAL - 2023-07-13 05:02:53 --> Undefined property: stdClass::$deskripsi
in APPPATH\Views\dataWebinar.php on line 118.
 1 APPPATH\Views\dataWebinar.php(118): CodeIgniter\Debug\Exceptions->errorHandler(2, 'Undefined property: stdClass::$deskripsi', 'D:\\xampp\\htdocs\\Webinar\\app\\Views\\dataWebinar.php', 118)
 2 SYSTEMPATH\View\View.php(224): include('D:\\xampp\\htdocs\\Webinar\\app\\Views\\dataWebinar.php')
 3 SYSTEMPATH\View\View.php(227): CodeIgniter\View\View->CodeIgniter\View\{closure}()
 4 SYSTEMPATH\Common.php(1180): CodeIgniter\View\View->render('dataWebinar', [], true)
 5 APPPATH\Controllers\Admin.php(76): view('dataWebinar', [...])
 6 SYSTEMPATH\CodeIgniter.php(932): App\Controllers\Admin->datawebinar()
 7 SYSTEMPATH\CodeIgniter.php(497): CodeIgniter\CodeIgniter->runController(Object(App\Controllers\Admin))
 8 SYSTEMPATH\CodeIgniter.php(366): CodeIgniter\CodeIgniter->handleRequest(null, Object(Config\Cache), false)
 9 FCPATH\index.php(67): CodeIgniter\CodeIgniter->run()
10 SYSTEMPATH\Commands\Server\rewrite.php(47): require_once('D:\\xampp\\htdocs\\Webinar\\public\\index.php')
CRITICAL - 2023-07-13 06:08:08 --> Undefined variable $tampildata
in APPPATH\Views\dataWebinar.php on line 22.
 1 APPPATH\Views\dataWebinar.php(22): CodeIgniter\Debug\Exceptions->errorHandler(2, 'Undefined variable $tampildata', 'D:\\xampp\\htdocs\\Webinar\\app\\Views\\dataWebinar.php', 22)
 2 SYSTEMPATH\View\View.php(224): include('D:\\xampp\\htdocs\\Webinar\\app\\Views\\dataWebinar.php')
 3 SYSTEMPATH\View\View.php(227): CodeIgniter\View\View->CodeIgniter\View\{closure}()
 4 SYSTEMPATH\Common.php(1180): CodeIgniter\View\View->render('dataWebinar', [], true)
 5 APPPATH\Controllers\Admin.php(90): view('dataWebinar')
 6 SYSTEMPATH\CodeIgniter.php(932): App\Controllers\Admin->datawebinar()
 7 SYSTEMPATH\CodeIgniter.php(497): CodeIgniter\CodeIgniter->runController(Object(App\Controllers\Admin))
 8 SYSTEMPATH\CodeIgniter.php(366): CodeIgniter\CodeIgniter->handleRequest(null, Object(Config\Cache), false)
 9 FCPATH\index.php(67): CodeIgniter\CodeIgniter->run()
10 SYSTEMPATH\Commands\Server\rewrite.php(47): require_once('D:\\xampp\\htdocs\\Webinar\\public\\index.php')
CRITICAL - 2023-07-13 06:15:07 --> Undefined variable $tampildata
in APPPATH\Views\dataWebinar.php on line 22.
 1 APPPATH\Views\dataWebinar.php(22): CodeIgniter\Debug\Exceptions->errorHandler(2, 'Undefined variable $tampildata', 'D:\\xampp\\htdocs\\Webinar\\app\\Views\\dataWebinar.php', 22)
 2 SYSTEMPATH\View\View.php(224): include('D:\\xampp\\htdocs\\Webinar\\app\\Views\\dataWebinar.php')
 3 SYSTEMPATH\View\View.php(227): CodeIgniter\View\View->CodeIgniter\View\{closure}()
 4 SYSTEMPATH\Common.php(1180): CodeIgniter\View\View->render('dataWebinar', [], true)
 5 APPPATH\Controllers\Admin.php(90): view('dataWebinar')
 6 SYSTEMPATH\CodeIgniter.php(932): App\Controllers\Admin->datawebinar()
 7 SYSTEMPATH\CodeIgniter.php(497): CodeIgniter\CodeIgniter->runController(Object(App\Controllers\Admin))
 8 SYSTEMPATH\CodeIgniter.php(366): CodeIgniter\CodeIgniter->handleRequest(null, Object(Config\Cache), false)
 9 FCPATH\index.php(67): CodeIgniter\CodeIgniter->run()
10 SYSTEMPATH\Commands\Server\rewrite.php(47): require_once('D:\\xampp\\htdocs\\Webinar\\public\\index.php')
ERROR - 2023-07-13 06:18:20 --> mysqli_sql_exception: Table 'sertifikat.tambahdata' doesn't exist in D:\xampp\htdocs\Webinar\system\Database\MySQLi\Connection.php:295
Stack trace:
#0 D:\xampp\htdocs\Webinar\system\Database\MySQLi\Connection.php(295): mysqli->query('SELECT * FROM t...', 0)
#1 D:\xampp\htdocs\Webinar\system\Database\BaseConnection.php(692): CodeIgniter\Database\MySQLi\Connection->execute('SELECT * FROM t...')
#2 D:\xampp\htdocs\Webinar\system\Database\BaseConnection.php(606): CodeIgniter\Database\BaseConnection->simpleQuery('SELECT * FROM t...')
#3 D:\xampp\htdocs\Webinar\app\Controllers\Admin.php(97): CodeIgniter\Database\BaseConnection->query('SELECT * FROM t...')
#4 D:\xampp\htdocs\Webinar\system\CodeIgniter.php(932): App\Controllers\Admin->tambahdata()
#5 D:\xampp\htdocs\Webinar\system\CodeIgniter.php(497): CodeIgniter\CodeIgniter->runController(Object(App\Controllers\Admin))
#6 D:\xampp\htdocs\Webinar\system\CodeIgniter.php(366): CodeIgniter\CodeIgniter->handleRequest(NULL, Object(Config\Cache), false)
#7 D:\xampp\htdocs\Webinar\public\index.php(67): CodeIgniter\CodeIgniter->run()
#8 D:\xampp\htdocs\Webinar\system\Commands\Server\rewrite.php(47): require_once('D:\\xampp\\htdocs...')
#9 {main}
CRITICAL - 2023-07-13 06:18:20 --> Table 'sertifikat.tambahdata' doesn't exist
in SYSTEMPATH\Database\MySQLi\Connection.php on line 295.
 1 SYSTEMPATH\Database\MySQLi\Connection.php(295): mysqli->query('SELECT * FROM tambahdata', 0)
 2 SYSTEMPATH\Database\BaseConnection.php(692): CodeIgniter\Database\MySQLi\Connection->execute('SELECT * FROM tambahdata')
 3 SYSTEMPATH\Database\BaseConnection.php(606): CodeIgniter\Database\BaseConnection->simpleQuery('SELECT * FROM tambahdata')
 4 APPPATH\Controllers\Admin.php(97): CodeIgniter\Database\BaseConnection->query('SELECT * FROM tambahdata')
 5 SYSTEMPATH\CodeIgniter.php(932): App\Controllers\Admin->tambahdata()
 6 SYSTEMPATH\CodeIgniter.php(497): CodeIgniter\CodeIgniter->runController(Object(App\Controllers\Admin))
 7 SYSTEMPATH\CodeIgniter.php(366): CodeIgniter\CodeIgniter->handleRequest(null, Object(Config\Cache), false)
 8 FCPATH\index.php(67): CodeIgniter\CodeIgniter->run()
 9 SYSTEMPATH\Commands\Server\rewrite.php(47): require_once('D:\\xampp\\htdocs\\Webinar\\public\\index.php')
